./contracts/MoonCatRescue.sol:60:3: Warning: Defining constructors as functions with the same name as the contract is deprecated. Use "constructor(...) { ... }" instead.
  function MoonCatRescue() payable {
  ^ (Relevant source part starts here and spans across multiple lines).
./contracts/MoonCatRescue.sol:273:58: Warning: This declaration shadows an existing declaration.
                                                         address owner,
                                                         ^-----------^
./contracts/MoonCatRescue.sol:8:3: The shadowed declaration is here:
  address owner;
  ^-----------^

./contracts/MoonCatRescue.sol:274:58: Warning: This declaration shadows an existing declaration.
                                                         bytes32 name,
                                                         ^----------^
./contracts/MoonCatRescue.sol:12:3: The shadowed declaration is here:
  string public name = "MoonCats";
  ^-----------------------------^

./contracts/MoonCatRescue.sol:85:5: Warning: Invoking events without "emit" prefix is deprecated.
    CatRescued(msg.sender, catId);
    ^---------------------------^
./contracts/MoonCatRescue.sol:95:5: Warning: Invoking events without "emit" prefix is deprecated.
    CatNamed(catId, catName);
    ^----------------------^
./contracts/MoonCatRescue.sol:102:5: Warning: Invoking events without "emit" prefix is deprecated.
    AdoptionOffered(catId, price, 0x0);
    ^--------------------------------^
./contracts/MoonCatRescue.sol:108:5: Warning: Invoking events without "emit" prefix is deprecated.
    AdoptionOffered(catId, price, to);
    ^-------------------------------^
./contracts/MoonCatRescue.sol:114:5: Warning: Invoking events without "emit" prefix is deprecated.
    AdoptionOfferCancelled(catId);
    ^---------------------------^
./contracts/MoonCatRescue.sol:147:5: Warning: Invoking events without "emit" prefix is deprecated.
    AdoptionRequested(catId, msg.value, msg.sender);
    ^---------------------------------------------^
./contracts/MoonCatRescue.sol:173:5: Warning: Invoking events without "emit" prefix is deprecated.
    AdoptionRequestCancelled(catId);
    ^-----------------------------^
./contracts/MoonCatRescue.sol:221:5: Warning: Invoking events without "emit" prefix is deprecated.
    GenesisCatsAdded(newCatIds);
    ^-------------------------^
./contracts/MoonCatRescue.sol:330:5: Warning: Invoking events without "emit" prefix is deprecated.
    Transfer(from, to, 1);
    ^-------------------^
./contracts/MoonCatRescue.sol:331:5: Warning: Invoking events without "emit" prefix is deprecated.
    CatAdopted(catId, price, from, to);
    ^--------------------------------^
./contracts/MoonCatRescue.sol:60:3: Warning: No visibility specified. Defaulting to "public". 
  function MoonCatRescue() payable {
  ^ (Relevant source part starts here and spans across multiple lines).
./contracts/MoonCatRescue.sol:74:3: Warning: No visibility specified. Defaulting to "public". 
  function rescueCat(bytes5 catId) activeMode returns (bytes5) {
  ^ (Relevant source part starts here and spans across multiple lines).
./contracts/MoonCatRescue.sol:91:3: Warning: No visibility specified. Defaulting to "public". 
  function nameCat(bytes5 catId, bytes32 catName) onlyCatOwner(catId) {
  ^ (Relevant source part starts here and spans across multiple lines).
./contracts/MoonCatRescue.sol:99:3: Warning: No visibility specified. Defaulting to "public". 
  function makeAdoptionOffer(bytes5 catId, uint price) onlyCatOwner(catId) {
  ^ (Relevant source part starts here and spans across multiple lines).
./contracts/MoonCatRescue.sol:106:3: Warning: No visibility specified. Defaulting to "public". 
  function makeAdoptionOfferToAddress(bytes5 catId, uint price, address to) onlyCatOwner(catId) isNotSender(to){
  ^ (Relevant source part starts here and spans across multiple lines).
./contracts/MoonCatRescue.sol:112:3: Warning: No visibility specified. Defaulting to "public". 
  function cancelAdoptionOffer(bytes5 catId) onlyCatOwner(catId) {
  ^ (Relevant source part starts here and spans across multiple lines).
./contracts/MoonCatRescue.sol:118:3: Warning: No visibility specified. Defaulting to "public". 
  function acceptAdoptionOffer(bytes5 catId) payable {
  ^ (Relevant source part starts here and spans across multiple lines).
./contracts/MoonCatRescue.sol:130:3: Warning: No visibility specified. Defaulting to "public". 
  function giveCat(bytes5 catId, address to) onlyCatOwner(catId) {
  ^ (Relevant source part starts here and spans across multiple lines).
./contracts/MoonCatRescue.sol:135:3: Warning: No visibility specified. Defaulting to "public". 
  function makeAdoptionRequest(bytes5 catId) payable isNotSender(catOwners[catId]) {
  ^ (Relevant source part starts here and spans across multiple lines).
./contracts/MoonCatRescue.sol:152:3: Warning: No visibility specified. Defaulting to "public". 
  function acceptAdoptionRequest(bytes5 catId) onlyCatOwner(catId) {
  ^ (Relevant source part starts here and spans across multiple lines).
./contracts/MoonCatRescue.sol:162:3: Warning: No visibility specified. Defaulting to "public". 
  function cancelAdoptionRequest(bytes5 catId) {
  ^ (Relevant source part starts here and spans across multiple lines).
./contracts/MoonCatRescue.sol:177:3: Warning: No visibility specified. Defaulting to "public". 
  function withdraw() {
  ^ (Relevant source part starts here and spans across multiple lines).
./contracts/MoonCatRescue.sol:186:3: Warning: No visibility specified. Defaulting to "public". 
  function disableBeforeActivation() onlyOwner inactiveMode {
  ^ (Relevant source part starts here and spans across multiple lines).
./contracts/MoonCatRescue.sol:191:3: Warning: No visibility specified. Defaulting to "public". 
  function activate() onlyOwner inactiveMode {
  ^ (Relevant source part starts here and spans across multiple lines).
./contracts/MoonCatRescue.sol:192:18: Warning: "block.blockhash()" has been deprecated in favor of "blockhash()"
    searchSeed = block.blockhash(block.number - 1); // once the searchSeed is set it cannot be changed;
                 ^-------------^
./contracts/MoonCatRescue.sol:197:3: Warning: No visibility specified. Defaulting to "public". 
  function activateInTestMode() onlyOwner inactiveMode { //
  ^ (Relevant source part starts here and spans across multiple lines).
./contracts/MoonCatRescue.sol:203:3: Warning: No visibility specified. Defaulting to "public". 
  function addGenesisCatGroup() onlyOwner activeMode {
  ^ (Relevant source part starts here and spans across multiple lines).
./contracts/MoonCatRescue.sol:227:3: Warning: No visibility specified. Defaulting to "public". 
  function getCatIds() constant returns (bytes5[]) {
  ^ (Relevant source part starts here and spans across multiple lines).
./contracts/MoonCatRescue.sol:236:3: Warning: No visibility specified. Defaulting to "public". 
  function getCatNames() constant returns (bytes32[]) {
  ^ (Relevant source part starts here and spans across multiple lines).
./contracts/MoonCatRescue.sol:244:3: Warning: No visibility specified. Defaulting to "public". 
  function getCatOwners() constant returns (address[]) {
  ^ (Relevant source part starts here and spans across multiple lines).
./contracts/MoonCatRescue.sol:252:3: Warning: No visibility specified. Defaulting to "public". 
  function getCatOfferPrices() constant returns (uint[]) {
  ^ (Relevant source part starts here and spans across multiple lines).
./contracts/MoonCatRescue.sol:263:3: Warning: No visibility specified. Defaulting to "public". 
  function getCatRequestPrices() constant returns (uint[]) {
  ^ (Relevant source part starts here and spans across multiple lines).
./contracts/MoonCatRescue.sol:272:3: Warning: No visibility specified. Defaulting to "public". 
  function getCatDetails(bytes5 catId) constant returns (bytes5 id,
  ^ (Relevant source part starts here and spans across multiple lines).
{'mbt': True, 'random': False, 'contract_name': 'MoonCatRescue', 'model_file': '../result/model-fix/0x60cd862c9c687a9de49aecdc3a99b74a4fc54ab6/MoonCatRescue/FSM-14.json', 'abi_file': None, 'contract_file': './contracts/MoonCatRescue.sol'}
solc ./contracts/MoonCatRescue.sol --overwrite --bin --abi -o Dapp-Automata-data/RQ2/artifacts
0
makeAdoptionOffer(bytes5,uint256) 0x05ca3557
activate() 0x0f15f4c0
acceptAdoptionOffer(bytes5) 0x1be70510
withdraw() 0x3ccfd60b
cancelAdoptionOffer(bytes5) 0x5281947d
rescueCat(bytes5) 0x59ede867
nameCat(bytes5,bytes32) 0x74fe6dea
activateInTestMode() 0x76b39cf9
cancelAdoptionRequest(bytes5) 0x9d8df6dd
disableBeforeActivation() 0xa318d521
addGenesisCatGroup() 0xa40c8ad0
makeAdoptionOfferToAddress(bytes5,uint256,address) 0xa4202615
acceptAdoptionRequest(bytes5) 0xd4a03f60
makeAdoptionRequest(bytes5) 0xe65bbceb
giveCat(bytes5,address) 0xf884e54a
myth -v 2 analyze ./contracts/MoonCatRescue.sol:MoonCatRescue --transaction-sequences "[['activate()']]" --parallel-solving
Used 68.0371823310852 seconds
coverage file: ./myth_code_coverage/1b9b58ce-8398-4922-a07e-652896db6208.json
The analysis was completed successfully. No issues were detected.


overall time used (seconds): 71.6744601726532



myth -v 2 analyze ./contracts/MoonCatRescue.sol:MoonCatRescue --transaction-sequences "[['withdraw()']]" --parallel-solving
Used 70.02028727531433 seconds
coverage file: ./myth_code_coverage/6c3b0a80-e0e9-4270-a43b-230caeec677c.json
==== Transaction Order Dependence ====
SWC ID: 114
Severity: Medium
Contract: MoonCatRescue
Function name: withdraw()
PC address: 6867
Estimated Gas Usage: 7193 - 61854
The value of the call is dependent on balance or storage write
This can lead to race conditions. An attacker may be able to run a transaction after our transaction which can change the value of the call
--------------------
In file: ./contracts/MoonCatRescue.sol:180

msg.sender.transfer(amount)

--------------------
Initial State:

Account: [CREATOR], balance: 0x4, nonce:0, storage:{}
Account: [ATTACKER], balance: 0x0, nonce:0, storage:{}

Transaction Sequence:

Caller: [CREATOR], calldata: , decoded_data: , value: 0x0
Caller: [ATTACKER], function: withdraw(), txdata: 0x3ccfd60b, value: 0x0



overall time used (seconds): 145.34569478034973



myth -v 2 analyze ./contracts/MoonCatRescue.sol:MoonCatRescue --transaction-sequences "[['activateInTestMode()']]" --parallel-solving
Used 68.24207997322083 seconds
coverage file: ./myth_code_coverage/727ff5ea-db7b-4bae-b1e8-d7e30e8c3ac7.json
The analysis was completed successfully. No issues were detected.


overall time used (seconds): 217.26016521453857



myth -v 2 analyze ./contracts/MoonCatRescue.sol:MoonCatRescue --transaction-sequences "[['disableBeforeActivation()']]" --parallel-solving
Used 68.54457521438599 seconds
coverage file: ./myth_code_coverage/97d09468-9c0f-4b3d-b814-8c99d35497de.json
The analysis was completed successfully. No issues were detected.


overall time used (seconds): 289.51125049591064



myth -v 2 analyze ./contracts/MoonCatRescue.sol:MoonCatRescue --transaction-sequences "[['makeAdoptionOfferToAddress(bytes5,uint256,address)']]" --parallel-solving
Used 69.36184310913086 seconds
coverage file: ./myth_code_coverage/c845407b-247b-466e-8d9d-974e809c93d0.json
The analysis was completed successfully. No issues were detected.


overall time used (seconds): 362.68773651123047



myth -v 2 analyze ./contracts/MoonCatRescue.sol:MoonCatRescue --transaction-sequences "[['addGenesisCatGroup()'], ['acceptAdoptionOffer(bytes5)'], ['makeAdoptionRequest(bytes5)'], ['acceptAdoptionRequest(bytes5)'], ['giveCat(bytes5,address)'], ['makeAdoptionOffer(bytes5,uint256)']]" --parallel-solving
Used 68.74776911735535 seconds
coverage file: ./myth_code_coverage/0a43b695-0fbb-4b8d-a246-51aabdda4ae4.json
The analysis was completed successfully. No issues were detected.


overall time used (seconds): 435.1110155582428



myth -v 2 analyze ./contracts/MoonCatRescue.sol:MoonCatRescue --transaction-sequences "[['makeAdoptionOfferToAddress(bytes5,uint256,address)'], ['addGenesisCatGroup()'], ['acceptAdoptionOffer(bytes5)'], ['makeAdoptionRequest(bytes5)'], ['acceptAdoptionRequest(bytes5)'], ['giveCat(bytes5,address)'], ['makeAdoptionOffer(bytes5,uint256)']]" --parallel-solving
Used 70.14282298088074 seconds
coverage file: ./myth_code_coverage/97a5143d-67db-498e-a7b3-bd15dec5ff5c.json
The analysis was completed successfully. No issues were detected.


overall time used (seconds): 508.9033570289612



myth -v 2 analyze ./contracts/MoonCatRescue.sol:MoonCatRescue --transaction-sequences "[['makeAdoptionOfferToAddress(bytes5,uint256,address)'], ['makeAdoptionOfferToAddress(bytes5,uint256,address)'], ['addGenesisCatGroup()'], ['acceptAdoptionOffer(bytes5)'], ['makeAdoptionRequest(bytes5)'], ['acceptAdoptionRequest(bytes5)'], ['giveCat(bytes5,address)'], ['makeAdoptionOffer(bytes5,uint256)']]" --parallel-solving
Used 69.37662124633789 seconds
coverage file: ./myth_code_coverage/3a5e04a5-4259-4a64-a8b2-51f1ab5ab874.json
The analysis was completed successfully. No issues were detected.


overall time used (seconds): 581.9140405654907



myth -v 2 analyze ./contracts/MoonCatRescue.sol:MoonCatRescue --transaction-sequences "[['rescueCat(bytes5)'], ['giveCat(bytes5,address)']]" --parallel-solving
Used 68.91079306602478 seconds
coverage file: ./myth_code_coverage/2488a0f2-e1ef-469d-a918-29253e00a47a.json
The analysis was completed successfully. No issues were detected.


overall time used (seconds): 654.4394545555115



myth -v 2 analyze ./contracts/MoonCatRescue.sol:MoonCatRescue --transaction-sequences "[['activateInTestMode()'], ['rescueCat(bytes5)'], ['giveCat(bytes5,address)']]" --parallel-solving
Used 90.12965559959412 seconds
coverage file: ./myth_code_coverage/3c3d4de1-ca3d-4fb0-9fe1-8d9f998786b9.json
The analysis was completed successfully. No issues were detected.


overall time used (seconds): 748.7909557819366



myth -v 2 analyze ./contracts/MoonCatRescue.sol:MoonCatRescue --transaction-sequences "[['withdraw()'], ['activateInTestMode()'], ['rescueCat(bytes5)'], ['giveCat(bytes5,address)']]" --parallel-solving
Used 108.95048427581787 seconds
coverage file: ./myth_code_coverage/9e545d86-095c-47aa-b851-0b9811416e2e.json
==== Transaction Order Dependence ====
SWC ID: 114
Severity: Medium
Contract: MoonCatRescue
Function name: withdraw()
PC address: 6867
Estimated Gas Usage: 7193 - 61854
The value of the call is dependent on balance or storage write
This can lead to race conditions. An attacker may be able to run a transaction after our transaction which can change the value of the call
--------------------
In file: ./contracts/MoonCatRescue.sol:180

msg.sender.transfer(amount)

--------------------
Initial State:

Account: [CREATOR], balance: 0x8000000000082, nonce:0, storage:{}
Account: [ATTACKER], balance: 0x0, nonce:0, storage:{}

Transaction Sequence:

Caller: [CREATOR], calldata: , decoded_data: , value: 0x0
Caller: [ATTACKER], function: withdraw(), txdata: 0x3ccfd60b, value: 0x0



overall time used (seconds): 861.9689338207245



myth -v 2 analyze ./contracts/MoonCatRescue.sol:MoonCatRescue --transaction-sequences "[['rescueCat(bytes5)'], ['nameCat(bytes5,bytes32)'], ['makeAdoptionOffer(bytes5,uint256)'], ['acceptAdoptionOffer(bytes5)'], ['giveCat(bytes5,address)']]" --parallel-solving
Used 69.03599500656128 seconds
coverage file: ./myth_code_coverage/40faa6d1-8220-48f7-80f8-3d1781659e02.json
The analysis was completed successfully. No issues were detected.


overall time used (seconds): 934.6313138008118



myth -v 2 analyze ./contracts/MoonCatRescue.sol:MoonCatRescue --transaction-sequences "[['withdraw()'], ['rescueCat(bytes5)'], ['nameCat(bytes5,bytes32)'], ['makeAdoptionOffer(bytes5,uint256)'], ['acceptAdoptionOffer(bytes5)'], ['giveCat(bytes5,address)']]" --parallel-solving
Used 72.0545334815979 seconds
coverage file: ./myth_code_coverage/0ea46c77-a767-4f97-b2a3-cd71f54c0f43.json
==== Transaction Order Dependence ====
SWC ID: 114
Severity: Medium
Contract: MoonCatRescue
Function name: withdraw()
PC address: 6867
Estimated Gas Usage: 7193 - 61854
The value of the call is dependent on balance or storage write
This can lead to race conditions. An attacker may be able to run a transaction after our transaction which can change the value of the call
--------------------
In file: ./contracts/MoonCatRescue.sol:180

msg.sender.transfer(amount)

--------------------
Initial State:

Account: [CREATOR], balance: 0x4, nonce:0, storage:{}
Account: [ATTACKER], balance: 0x0, nonce:0, storage:{}

Transaction Sequence:

Caller: [CREATOR], calldata: , decoded_data: , value: 0x0
Caller: [ATTACKER], function: withdraw(), txdata: 0x3ccfd60b, value: 0x0



overall time used (seconds): 1010.3450429439545



myth -v 2 analyze ./contracts/MoonCatRescue.sol:MoonCatRescue --transaction-sequences "[['withdraw()'], ['withdraw()'], ['rescueCat(bytes5)'], ['nameCat(bytes5,bytes32)'], ['makeAdoptionOffer(bytes5,uint256)'], ['acceptAdoptionOffer(bytes5)'], ['giveCat(bytes5,address)']]" --parallel-solving
Used 80.21616864204407 seconds
coverage file: ./myth_code_coverage/c619473e-17f5-4782-bb89-c3fa094a2183.json
==== Transaction Order Dependence ====
SWC ID: 114
Severity: Medium
Contract: MoonCatRescue
Function name: withdraw()
PC address: 6867
Estimated Gas Usage: 7193 - 61854
The value of the call is dependent on balance or storage write
This can lead to race conditions. An attacker may be able to run a transaction after our transaction which can change the value of the call
--------------------
In file: ./contracts/MoonCatRescue.sol:180

msg.sender.transfer(amount)

--------------------
Initial State:

Account: [CREATOR], balance: 0x4, nonce:0, storage:{}
Account: [ATTACKER], balance: 0x0, nonce:0, storage:{}

Transaction Sequence:

Caller: [CREATOR], calldata: , decoded_data: , value: 0x0
Caller: [ATTACKER], function: withdraw(), txdata: 0x3ccfd60b, value: 0x0



overall time used (seconds): 1094.277914762497



myth -v 2 analyze ./contracts/MoonCatRescue.sol:MoonCatRescue --transaction-sequences "[['rescueCat(bytes5)'], ['makeAdoptionOffer(bytes5,uint256)'], ['giveCat(bytes5,address)'], ['makeAdoptionRequest(bytes5)'], ['nameCat(bytes5,bytes32)'], ['cancelAdoptionRequest(bytes5)']]" --parallel-solving
Used 68.28974938392639 seconds
coverage file: ./myth_code_coverage/480b0cd8-76e4-4454-8431-aa0f762eb3f9.json
The analysis was completed successfully. No issues were detected.


overall time used (seconds): 1166.1969466209412



myth -v 2 analyze ./contracts/MoonCatRescue.sol:MoonCatRescue --transaction-sequences "[['makeAdoptionOfferToAddress(bytes5,uint256,address)'], ['rescueCat(bytes5)'], ['makeAdoptionOffer(bytes5,uint256)'], ['giveCat(bytes5,address)'], ['makeAdoptionRequest(bytes5)'], ['nameCat(bytes5,bytes32)'], ['cancelAdoptionRequest(bytes5)']]" --parallel-solving
Used 70.38851952552795 seconds
coverage file: ./myth_code_coverage/6ba4ea3b-92c8-4f00-8307-2bf25dc5227f.json
The analysis was completed successfully. No issues were detected.


overall time used (seconds): 1240.2488992214203



myth -v 2 analyze ./contracts/MoonCatRescue.sol:MoonCatRescue --transaction-sequences "[['withdraw()'], ['makeAdoptionOfferToAddress(bytes5,uint256,address)'], ['rescueCat(bytes5)'], ['makeAdoptionOffer(bytes5,uint256)'], ['giveCat(bytes5,address)'], ['makeAdoptionRequest(bytes5)'], ['nameCat(bytes5,bytes32)'], ['cancelAdoptionRequest(bytes5)']]" --parallel-solving
Used 74.34108567237854 seconds
coverage file: ./myth_code_coverage/bd33a29f-ca86-4641-915f-cdf6bec13b96.json
==== Transaction Order Dependence ====
SWC ID: 114
Severity: Medium
Contract: MoonCatRescue
Function name: withdraw()
PC address: 6867
Estimated Gas Usage: 7193 - 61854
The value of the call is dependent on balance or storage write
This can lead to race conditions. An attacker may be able to run a transaction after our transaction which can change the value of the call
--------------------
In file: ./contracts/MoonCatRescue.sol:180

msg.sender.transfer(amount)

--------------------
Initial State:

Account: [CREATOR], balance: 0x4, nonce:0, storage:{}
Account: [ATTACKER], balance: 0x0, nonce:0, storage:{}

Transaction Sequence:

Caller: [CREATOR], calldata: , decoded_data: , value: 0x0
Caller: [ATTACKER], function: withdraw(), txdata: 0x3ccfd60b, value: 0x0



overall time used (seconds): 1318.259724855423



myth -v 2 analyze ./contracts/MoonCatRescue.sol:MoonCatRescue --transaction-sequences "[['rescueCat(bytes5)'], ['makeAdoptionOffer(bytes5,uint256)'], ['acceptAdoptionOffer(bytes5)'], ['giveCat(bytes5,address)']]" --parallel-solving
Used 69.84197998046875 seconds
coverage file: ./myth_code_coverage/35ad7d1a-902b-404e-89b8-c3ada236f276.json
The analysis was completed successfully. No issues were detected.


overall time used (seconds): 1391.7300970554352



myth -v 2 analyze ./contracts/MoonCatRescue.sol:MoonCatRescue --transaction-sequences "[['activateInTestMode()'], ['rescueCat(bytes5)'], ['makeAdoptionOffer(bytes5,uint256)'], ['acceptAdoptionOffer(bytes5)'], ['giveCat(bytes5,address)']]" --parallel-solving
Used 494.0524833202362 seconds
coverage file: ./myth_code_coverage/e642bf7e-d12e-43eb-a865-efa935dee6fe.json
The analysis was completed successfully. No issues were detected.


overall time used (seconds): 1891.3036601543427



myth -v 2 analyze ./contracts/MoonCatRescue.sol:MoonCatRescue --transaction-sequences "[['activateInTestMode()'], ['activateInTestMode()'], ['rescueCat(bytes5)'], ['makeAdoptionOffer(bytes5,uint256)'], ['acceptAdoptionOffer(bytes5)'], ['giveCat(bytes5,address)']]" --parallel-solving
Used 69.52321124076843 seconds
coverage file: ./myth_code_coverage/7b583faf-05c9-4ce1-b881-5f577f3162ec.json
The analysis was completed successfully. No issues were detected.


overall time used (seconds): 1964.618356704712



myth -v 2 analyze ./contracts/MoonCatRescue.sol:MoonCatRescue --transaction-sequences "[['rescueCat(bytes5)'], ['makeAdoptionOffer(bytes5,uint256)'], ['acceptAdoptionOffer(bytes5)'], ['giveCat(bytes5,address)'], ['makeAdoptionRequest(bytes5)'], ['cancelAdoptionRequest(bytes5)']]" --parallel-solving
Used 69.37666583061218 seconds
coverage file: ./myth_code_coverage/9ec12b06-3497-48fb-82d0-da3d0eeab6b4.json
The analysis was completed successfully. No issues were detected.


overall time used (seconds): 2037.6528878211975



myth -v 2 analyze ./contracts/MoonCatRescue.sol:MoonCatRescue --transaction-sequences "[['activate()'], ['rescueCat(bytes5)'], ['makeAdoptionOffer(bytes5,uint256)'], ['acceptAdoptionOffer(bytes5)'], ['giveCat(bytes5,address)'], ['makeAdoptionRequest(bytes5)'], ['cancelAdoptionRequest(bytes5)']]" --parallel-solving
Used 453.73912930488586 seconds
coverage file: ./myth_code_coverage/dce7e44e-7efb-469e-8987-06f0bf4a6e35.json
The analysis was completed successfully. No issues were detected.


overall time used (seconds): 2496.621583223343



myth -v 2 analyze ./contracts/MoonCatRescue.sol:MoonCatRescue --transaction-sequences "[['activateInTestMode()'], ['activate()'], ['rescueCat(bytes5)'], ['makeAdoptionOffer(bytes5,uint256)'], ['acceptAdoptionOffer(bytes5)'], ['giveCat(bytes5,address)'], ['makeAdoptionRequest(bytes5)'], ['cancelAdoptionRequest(bytes5)']]" --parallel-solving
Used 69.06405591964722 seconds
coverage file: ./myth_code_coverage/71471eb6-4c37-4c52-bf86-c6eb307255f5.json
The analysis was completed successfully. No issues were detected.


overall time used (seconds): 2569.373638153076



myth -v 2 analyze ./contracts/MoonCatRescue.sol:MoonCatRescue --transaction-sequences "[['rescueCat(bytes5)'], ['giveCat(bytes5,address)'], ['nameCat(bytes5,bytes32)'], ['makeAdoptionOffer(bytes5,uint256)'], ['acceptAdoptionOffer(bytes5)'], ['makeAdoptionRequest(bytes5)']]" --parallel-solving
Used 68.13088870048523 seconds
coverage file: ./myth_code_coverage/1f4a06db-73c1-4120-8824-061c49f4e763.json
The analysis was completed successfully. No issues were detected.


overall time used (seconds): 2641.184807062149



