./contracts/SupeRare.sol:295:3: Warning: Defining constructors as functions with the same name as the contract is deprecated. Use "constructor(...) { ... }" instead.
  function Ownable() public {
  ^ (Relevant source part starts here and spans across multiple lines).
./contracts/SupeRare.sol:163:7: Warning: Invoking events without "emit" prefix is deprecated.
      Approval(owner, _to, _tokenId);
      ^----------------------------^
./contracts/SupeRare.sol:184:5: Warning: Invoking events without "emit" prefix is deprecated.
    Transfer(0x0, _to, _tokenId);
    ^--------------------------^
./contracts/SupeRare.sol:196:5: Warning: Invoking events without "emit" prefix is deprecated.
    Transfer(msg.sender, 0x0, _tokenId);
    ^---------------------------------^
./contracts/SupeRare.sol:224:5: Warning: Invoking events without "emit" prefix is deprecated.
    Transfer(_from, _to, _tokenId);
    ^----------------------------^
./contracts/SupeRare.sol:234:5: Warning: Invoking events without "emit" prefix is deprecated.
    Approval(_owner, 0, _tokenId);
    ^---------------------------^
./contracts/SupeRare.sol:313:5: Warning: Invoking events without "emit" prefix is deprecated.
    OwnershipTransferred(owner, newOwner);
    ^-----------------------------------^
./contracts/SupeRare.sol:438:9: Warning: Invoking events without "emit" prefix is deprecated.
        SalePriceSet(newId, _salePrice);
        ^-----------------------------^
./contracts/SupeRare.sol:451:9: Warning: Invoking events without "emit" prefix is deprecated.
        Bid(msg.sender, msg.value, _tokenId);
        ^----------------------------------^
./contracts/SupeRare.sol:466:9: Warning: Invoking events without "emit" prefix is deprecated.
        AcceptBid(currentBidder, tokenOwner, currentBid, _tokenId);
        ^--------------------------------------------------------^
./contracts/SupeRare.sol:480:9: Warning: Invoking events without "emit" prefix is deprecated.
        CancelBid(bidder, bidAmount, _tokenId);
        ^------------------------------------^
./contracts/SupeRare.sol:500:9: Warning: Invoking events without "emit" prefix is deprecated.
        Sold(buyer, tokenOwner, sentPrice, _tokenId);
        ^------------------------------------------^
./contracts/SupeRare.sol:511:9: Warning: Invoking events without "emit" prefix is deprecated.
        SalePriceSet(_tokenId, _salePrice);
        ^--------------------------------^
./contracts/SupeRare.sol:520:7: Warning: Invoking events without "emit" prefix is deprecated.
      WhitelistCreator(_creator);
      ^------------------------^
./contracts/SupeRare.sol:556:22: Warning: Unused function parameter. Remove or comment out the variable name to silence this warning.
    function approve(address _to, uint256 _tokenId) public {
                     ^---------^
./contracts/SupeRare.sol:556:35: Warning: Unused function parameter. Remove or comment out the variable name to silence this warning.
    function approve(address _to, uint256 _tokenId) public {
                                  ^--------------^
{'mbt': False, 'random': True, 'contract_name': 'SupeRare', 'model_file': None, 'abi_file': None, 'contract_file': './contracts/SupeRare.sol'}
solc ./contracts/SupeRare.sol --overwrite --bin --abi -o Dapp-Automata-data/RQ2/artifacts
0
addNewTokenWithEditions(string,uint256,uint256) 0x019871e9
setSalePrice(uint256,uint256) 0x053992c5
approve(address,uint256) 0x095ea7b3
acceptBid(uint256) 0x2b1fd58a
bid(uint256) 0x454a2ab3
setMaintainerPercentage(uint256) 0x5c68a557
whitelistCreator(address) 0x62f11dd2
cancelBid(uint256) 0x9703ef35
transfer(address,uint256) 0xa9059cbb
takeOwnership(uint256) 0xb2e6ceeb
setCreatorPercentage(uint256) 0xc0ec93e7
buy(uint256) 0xd96a094a
addNewToken(string) 0xd9856c21
transferOwnership(address) 0xf2fde38b
myth -v 2 analyze ./contracts/SupeRare.sol:SupeRare --transaction-sequences "[['acceptBid(uint256)'], ['setCreatorPercentage(uint256)']]" --parallel-solving
myth -v 2 analyze ./contracts/SupeRare.sol:SupeRare --transaction-sequences "[[0x2b1fd58a],[0xc0ec93e7]]" --parallel-solving
Used 28.15004849433899 seconds
coverage file: ./myth_code_coverage/af805568-ed0e-4662-9c99-eee176e6f611.json
The analysis was completed successfully. No issues were detected.


overall time used (seconds): 31.512712717056274



myth -v 2 analyze ./contracts/SupeRare.sol:SupeRare --transaction-sequences "[['takeOwnership(uint256)'], ['bid(uint256)'], ['addNewTokenWithEditions(string,uint256,uint256)'], ['addNewTokenWithEditions(string,uint256,uint256)']]" --parallel-solving
myth -v 2 analyze ./contracts/SupeRare.sol:SupeRare --transaction-sequences "[[0xb2e6ceeb],[0x454a2ab3],[0x019871e9],[0x019871e9]]" --parallel-solving
Used 28.20198631286621 seconds
coverage file: ./myth_code_coverage/89699ca5-c636-4470-b651-70896e3d8d20.json
The analysis was completed successfully. No issues were detected.


overall time used (seconds): 63.1697735786438



myth -v 2 analyze ./contracts/SupeRare.sol:SupeRare --transaction-sequences "[['addNewTokenWithEditions(string,uint256,uint256)'], ['buy(uint256)']]" --parallel-solving
myth -v 2 analyze ./contracts/SupeRare.sol:SupeRare --transaction-sequences "[[0x019871e9],[0xd96a094a]]" --parallel-solving
Used 34.26429557800293 seconds
coverage file: ./myth_code_coverage/0048a8b3-9402-4c1e-8705-32a8b11d14aa.json
The analysis was completed successfully. No issues were detected.


overall time used (seconds): 100.89924550056458



myth -v 2 analyze ./contracts/SupeRare.sol:SupeRare --transaction-sequences "[['cancelBid(uint256)'], ['transfer(address,uint256)']]" --parallel-solving
myth -v 2 analyze ./contracts/SupeRare.sol:SupeRare --transaction-sequences "[[0x9703ef35],[0xa9059cbb]]" --parallel-solving
Used 28.13342809677124 seconds
coverage file: ./myth_code_coverage/41abda36-a7cc-43c9-9032-51d0085904ef.json
The analysis was completed successfully. No issues were detected.


overall time used (seconds): 132.40693950653076



myth -v 2 analyze ./contracts/SupeRare.sol:SupeRare --transaction-sequences "[['setCreatorPercentage(uint256)']]" --parallel-solving
myth -v 2 analyze ./contracts/SupeRare.sol:SupeRare --transaction-sequences "[[0xc0ec93e7]]" --parallel-solving
Used 28.36053776741028 seconds
coverage file: ./myth_code_coverage/f38b7b09-3973-450c-af0a-861e79e1246e.json
The analysis was completed successfully. No issues were detected.


overall time used (seconds): 164.1421763896942



myth -v 2 analyze ./contracts/SupeRare.sol:SupeRare --transaction-sequences "[['setCreatorPercentage(uint256)'], ['cancelBid(uint256)'], ['bid(uint256)'], ['cancelBid(uint256)']]" --parallel-solving
myth -v 2 analyze ./contracts/SupeRare.sol:SupeRare --transaction-sequences "[[0xc0ec93e7],[0x9703ef35],[0x454a2ab3],[0x9703ef35]]" --parallel-solving
Used 29.79202651977539 seconds
coverage file: ./myth_code_coverage/b4f9ce9c-553e-4caa-8335-14e4b1ca8f03.json
The analysis was completed successfully. No issues were detected.


overall time used (seconds): 197.33873772621155



myth -v 2 analyze ./contracts/SupeRare.sol:SupeRare --transaction-sequences "[['transfer(address,uint256)'], ['setSalePrice(uint256,uint256)'], ['cancelBid(uint256)']]" --parallel-solving
myth -v 2 analyze ./contracts/SupeRare.sol:SupeRare --transaction-sequences "[[0xa9059cbb],[0x053992c5],[0x9703ef35]]" --parallel-solving
Used 28.882640838623047 seconds
coverage file: ./myth_code_coverage/0074ef25-1958-4d80-8ed4-473650768c67.json
The analysis was completed successfully. No issues were detected.


overall time used (seconds): 229.69267392158508



myth -v 2 analyze ./contracts/SupeRare.sol:SupeRare --transaction-sequences "[['bid(uint256)'], ['bid(uint256)'], ['setCreatorPercentage(uint256)']]" --parallel-solving
myth -v 2 analyze ./contracts/SupeRare.sol:SupeRare --transaction-sequences "[[0x454a2ab3],[0x454a2ab3],[0xc0ec93e7]]" --parallel-solving
Used 27.95725727081299 seconds
coverage file: ./myth_code_coverage/d440d2bd-b45e-4a7b-97a9-015b2eb5f370.json
The analysis was completed successfully. No issues were detected.


overall time used (seconds): 261.0593101978302



myth -v 2 analyze ./contracts/SupeRare.sol:SupeRare --transaction-sequences "[['setMaintainerPercentage(uint256)'], ['buy(uint256)']]" --parallel-solving
myth -v 2 analyze ./contracts/SupeRare.sol:SupeRare --transaction-sequences "[[0x5c68a557],[0xd96a094a]]" --parallel-solving
Used 29.675729274749756 seconds
coverage file: ./myth_code_coverage/e9538900-fbfe-42c5-8651-06b5aaebcdf2.json
The analysis was completed successfully. No issues were detected.


overall time used (seconds): 294.154851436615



myth -v 2 analyze ./contracts/SupeRare.sol:SupeRare --transaction-sequences "[['acceptBid(uint256)']]" --parallel-solving
myth -v 2 analyze ./contracts/SupeRare.sol:SupeRare --transaction-sequences "[[0x2b1fd58a]]" --parallel-solving
Used 28.49745750427246 seconds
coverage file: ./myth_code_coverage/c70e5d4d-0e39-43ca-ae8c-0ce40156eaab.json
The analysis was completed successfully. No issues were detected.


overall time used (seconds): 326.05122923851013



myth -v 2 analyze ./contracts/SupeRare.sol:SupeRare --transaction-sequences "[['bid(uint256)'], ['setSalePrice(uint256,uint256)']]" --parallel-solving
myth -v 2 analyze ./contracts/SupeRare.sol:SupeRare --transaction-sequences "[[0x454a2ab3],[0x053992c5]]" --parallel-solving
Used 28.01182723045349 seconds
coverage file: ./myth_code_coverage/91245393-b676-4306-bc5d-55e37beedf25.json
The analysis was completed successfully. No issues were detected.


overall time used (seconds): 357.45766973495483



myth -v 2 analyze ./contracts/SupeRare.sol:SupeRare --transaction-sequences "[['cancelBid(uint256)'], ['transfer(address,uint256)'], ['buy(uint256)'], ['setSalePrice(uint256,uint256)'], ['addNewToken(string)']]" --parallel-solving
myth -v 2 analyze ./contracts/SupeRare.sol:SupeRare --transaction-sequences "[[0x9703ef35],[0xa9059cbb],[0xd96a094a],[0x053992c5],[0xd9856c21]]" --parallel-solving
Used 28.343924283981323 seconds
coverage file: ./myth_code_coverage/15ce157a-034e-45cb-8ee1-fd2659ab9eca.json
The analysis was completed successfully. No issues were detected.


overall time used (seconds): 389.17008566856384



myth -v 2 analyze ./contracts/SupeRare.sol:SupeRare --transaction-sequences "[['setCreatorPercentage(uint256)'], ['setSalePrice(uint256,uint256)'], ['cancelBid(uint256)']]" --parallel-solving
myth -v 2 analyze ./contracts/SupeRare.sol:SupeRare --transaction-sequences "[[0xc0ec93e7],[0x053992c5],[0x9703ef35]]" --parallel-solving
Used 29.842799425125122 seconds
coverage file: ./myth_code_coverage/944f2424-883b-42c5-b29f-7d6fe4f48c81.json
The analysis was completed successfully. No issues were detected.


overall time used (seconds): 422.41623544692993



myth -v 2 analyze ./contracts/SupeRare.sol:SupeRare --transaction-sequences "[['setCreatorPercentage(uint256)'], ['transfer(address,uint256)'], ['bid(uint256)']]" --parallel-solving
myth -v 2 analyze ./contracts/SupeRare.sol:SupeRare --transaction-sequences "[[0xc0ec93e7],[0xa9059cbb],[0x454a2ab3]]" --parallel-solving
Used 30.414965391159058 seconds
coverage file: ./myth_code_coverage/853f0f89-2a22-4242-90ac-a055517471f3.json
The analysis was completed successfully. No issues were detected.


overall time used (seconds): 456.2293212413788



myth -v 2 analyze ./contracts/SupeRare.sol:SupeRare --transaction-sequences "[['approve(address,uint256)']]" --parallel-solving
myth -v 2 analyze ./contracts/SupeRare.sol:SupeRare --transaction-sequences "[[0x095ea7b3]]" --parallel-solving
Used 28.086687803268433 seconds
coverage file: ./myth_code_coverage/62cbd5a3-d65e-41f2-b2bf-b0aafee69cde.json
The analysis was completed successfully. No issues were detected.


overall time used (seconds): 487.710444688797



myth -v 2 analyze ./contracts/SupeRare.sol:SupeRare --transaction-sequences "[['addNewTokenWithEditions(string,uint256,uint256)'], ['transfer(address,uint256)'], ['transferOwnership(address)']]" --parallel-solving
myth -v 2 analyze ./contracts/SupeRare.sol:SupeRare --transaction-sequences "[[0x019871e9],[0xa9059cbb],[0xf2fde38b]]" --parallel-solving
Used 34.23772358894348 seconds
coverage file: ./myth_code_coverage/d53fd77a-144c-4fc7-be16-45c80db9a074.json
The analysis was completed successfully. No issues were detected.


overall time used (seconds): 525.4216361045837



myth -v 2 analyze ./contracts/SupeRare.sol:SupeRare --transaction-sequences "[['setSalePrice(uint256,uint256)']]" --parallel-solving
myth -v 2 analyze ./contracts/SupeRare.sol:SupeRare --transaction-sequences "[[0x053992c5]]" --parallel-solving
Used 28.741811752319336 seconds
coverage file: ./myth_code_coverage/b9278dc3-a4cb-4bc0-9e0e-fa1c01edbef0.json
The analysis was completed successfully. No issues were detected.


overall time used (seconds): 557.5597631931305



myth -v 2 analyze ./contracts/SupeRare.sol:SupeRare --transaction-sequences "[['addNewTokenWithEditions(string,uint256,uint256)'], ['acceptBid(uint256)'], ['addNewTokenWithEditions(string,uint256,uint256)'], ['setSalePrice(uint256,uint256)'], ['setSalePrice(uint256,uint256)']]" --parallel-solving
myth -v 2 analyze ./contracts/SupeRare.sol:SupeRare --transaction-sequences "[[0x019871e9],[0x2b1fd58a],[0x019871e9],[0x053992c5],[0x053992c5]]" --parallel-solving
Used 34.57072949409485 seconds
coverage file: ./myth_code_coverage/e71aa40f-d6e0-46fe-bbcb-47ff2959f677.json
The analysis was completed successfully. No issues were detected.


overall time used (seconds): 595.6235513687134



myth -v 2 analyze ./contracts/SupeRare.sol:SupeRare --transaction-sequences "[['approve(address,uint256)'], ['cancelBid(uint256)'], ['transferOwnership(address)'], ['transferOwnership(address)']]" --parallel-solving
myth -v 2 analyze ./contracts/SupeRare.sol:SupeRare --transaction-sequences "[[0x095ea7b3],[0x9703ef35],[0xf2fde38b],[0xf2fde38b]]" --parallel-solving
Used 28.074965000152588 seconds
coverage file: ./myth_code_coverage/81d57e0c-a72e-4d33-ba9e-36ebc6b04b7a.json
The analysis was completed successfully. No issues were detected.


overall time used (seconds): 627.0753610134125



myth -v 2 analyze ./contracts/SupeRare.sol:SupeRare --transaction-sequences "[['takeOwnership(uint256)'], ['setMaintainerPercentage(uint256)'], ['approve(address,uint256)']]" --parallel-solving
myth -v 2 analyze ./contracts/SupeRare.sol:SupeRare --transaction-sequences "[[0xb2e6ceeb],[0x5c68a557],[0x095ea7b3]]" --parallel-solving
Used 28.34240746498108 seconds
coverage file: ./myth_code_coverage/3a4cac21-4258-41f2-9aa4-4577c81c0b08.json
The analysis was completed successfully. No issues were detected.


overall time used (seconds): 658.8059511184692



myth -v 2 analyze ./contracts/SupeRare.sol:SupeRare --transaction-sequences "[['addNewTokenWithEditions(string,uint256,uint256)'], ['takeOwnership(uint256)']]" --parallel-solving
myth -v 2 analyze ./contracts/SupeRare.sol:SupeRare --transaction-sequences "[[0x019871e9],[0xb2e6ceeb]]" --parallel-solving
Used 34.43569469451904 seconds
coverage file: ./myth_code_coverage/8211666d-4c4d-48d1-be80-e495ebd03e38.json
The analysis was completed successfully. No issues were detected.


overall time used (seconds): 696.6905815601349



myth -v 2 analyze ./contracts/SupeRare.sol:SupeRare --transaction-sequences "[['setCreatorPercentage(uint256)'], ['addNewTokenWithEditions(string,uint256,uint256)']]" --parallel-solving
myth -v 2 analyze ./contracts/SupeRare.sol:SupeRare --transaction-sequences "[[0xc0ec93e7],[0x019871e9]]" --parallel-solving
Used 34.85968542098999 seconds
coverage file: ./myth_code_coverage/e444d029-d9bf-41d3-bec5-b8de351ef5d1.json
The analysis was completed successfully. No issues were detected.


overall time used (seconds): 734.9943354129791



myth -v 2 analyze ./contracts/SupeRare.sol:SupeRare --transaction-sequences "[['buy(uint256)']]" --parallel-solving
myth -v 2 analyze ./contracts/SupeRare.sol:SupeRare --transaction-sequences "[[0xd96a094a]]" --parallel-solving
Used 28.55833601951599 seconds
coverage file: ./myth_code_coverage/02bf4990-e4d1-4116-942b-0b3b0aa002ca.json
The analysis was completed successfully. No issues were detected.


overall time used (seconds): 766.9947710037231



myth -v 2 analyze ./contracts/SupeRare.sol:SupeRare --transaction-sequences "[['transfer(address,uint256)'], ['acceptBid(uint256)']]" --parallel-solving
myth -v 2 analyze ./contracts/SupeRare.sol:SupeRare --transaction-sequences "[[0xa9059cbb],[0x2b1fd58a]]" --parallel-solving
Used 28.62531566619873 seconds
coverage file: ./myth_code_coverage/e65d0309-3c48-4c69-905c-0d1366dd81c3.json
The analysis was completed successfully. No issues were detected.


overall time used (seconds): 799.0873372554779



myth -v 2 analyze ./contracts/SupeRare.sol:SupeRare --transaction-sequences "[['whitelistCreator(address)'], ['cancelBid(uint256)'], ['setSalePrice(uint256,uint256)']]" --parallel-solving
myth -v 2 analyze ./contracts/SupeRare.sol:SupeRare --transaction-sequences "[[0x62f11dd2],[0x9703ef35],[0x053992c5]]" --parallel-solving
Used 29.979815244674683 seconds
coverage file: ./myth_code_coverage/e6aa8d99-20be-4555-85a6-b3790ea2a4e1.json
The analysis was completed successfully. No issues were detected.


overall time used (seconds): 832.4981076717377



myth -v 2 analyze ./contracts/SupeRare.sol:SupeRare --transaction-sequences "[['transfer(address,uint256)'], ['setCreatorPercentage(uint256)'], ['approve(address,uint256)'], ['transfer(address,uint256)']]" --parallel-solving
myth -v 2 analyze ./contracts/SupeRare.sol:SupeRare --transaction-sequences "[[0xa9059cbb],[0xc0ec93e7],[0x095ea7b3],[0xa9059cbb]]" --parallel-solving
Used 28.76728367805481 seconds
coverage file: ./myth_code_coverage/2656ce7d-f3ee-466f-b2ac-b7fd671a79b4.json
The analysis was completed successfully. No issues were detected.


overall time used (seconds): 864.6609117984772



myth -v 2 analyze ./contracts/SupeRare.sol:SupeRare --transaction-sequences "[['buy(uint256)'], ['bid(uint256)'], ['addNewTokenWithEditions(string,uint256,uint256)']]" --parallel-solving
myth -v 2 analyze ./contracts/SupeRare.sol:SupeRare --transaction-sequences "[[0xd96a094a],[0x454a2ab3],[0x019871e9]]" --parallel-solving
Used 28.44440770149231 seconds
coverage file: ./myth_code_coverage/6e4be0c1-0403-4152-ac0b-25e4260a0d34.json
The analysis was completed successfully. No issues were detected.


overall time used (seconds): 896.5225183963776



myth -v 2 analyze ./contracts/SupeRare.sol:SupeRare --transaction-sequences "[['bid(uint256)'], ['setCreatorPercentage(uint256)'], ['bid(uint256)'], ['acceptBid(uint256)']]" --parallel-solving
myth -v 2 analyze ./contracts/SupeRare.sol:SupeRare --transaction-sequences "[[0x454a2ab3],[0xc0ec93e7],[0x454a2ab3],[0x2b1fd58a]]" --parallel-solving
Used 27.93611478805542 seconds
coverage file: ./myth_code_coverage/1ec09bca-3471-4abb-b75e-a9e4fb3d0c37.json
The analysis was completed successfully. No issues were detected.


overall time used (seconds): 927.8773293495178



myth -v 2 analyze ./contracts/SupeRare.sol:SupeRare --transaction-sequences "[['addNewTokenWithEditions(string,uint256,uint256)']]" --parallel-solving
myth -v 2 analyze ./contracts/SupeRare.sol:SupeRare --transaction-sequences "[[0x019871e9]]" --parallel-solving
Used 34.17878246307373 seconds
coverage file: ./myth_code_coverage/ec9b0c4a-ef55-48bb-8fd5-403872012f93.json
The analysis was completed successfully. No issues were detected.


overall time used (seconds): 965.5761222839355



myth -v 2 analyze ./contracts/SupeRare.sol:SupeRare --transaction-sequences "[['setCreatorPercentage(uint256)'], ['setSalePrice(uint256,uint256)'], ['buy(uint256)']]" --parallel-solving
myth -v 2 analyze ./contracts/SupeRare.sol:SupeRare --transaction-sequences "[[0xc0ec93e7],[0x053992c5],[0xd96a094a]]" --parallel-solving
Used 29.82203507423401 seconds
coverage file: ./myth_code_coverage/ae14f031-269a-4b0f-855e-ed00853301a7.json
The analysis was completed successfully. No issues were detected.


overall time used (seconds): 998.8038368225098



myth -v 2 analyze ./contracts/SupeRare.sol:SupeRare --transaction-sequences "[['transfer(address,uint256)']]" --parallel-solving
myth -v 2 analyze ./contracts/SupeRare.sol:SupeRare --transaction-sequences "[[0xa9059cbb]]" --parallel-solving
Used 28.66659712791443 seconds
coverage file: ./myth_code_coverage/6665b619-d0bb-4058-bd01-73bc4fb6556e.json
The analysis was completed successfully. No issues were detected.


overall time used (seconds): 1030.8653008937836



myth -v 2 analyze ./contracts/SupeRare.sol:SupeRare --transaction-sequences "[['transfer(address,uint256)'], ['setSalePrice(uint256,uint256)']]" --parallel-solving
myth -v 2 analyze ./contracts/SupeRare.sol:SupeRare --transaction-sequences "[[0xa9059cbb],[0x053992c5]]" --parallel-solving
Used 28.86348795890808 seconds
coverage file: ./myth_code_coverage/319ee78e-9f32-4d13-9448-4fd829115410.json
The analysis was completed successfully. No issues were detected.


overall time used (seconds): 1063.1205577850342



myth -v 2 analyze ./contracts/SupeRare.sol:SupeRare --transaction-sequences "[['cancelBid(uint256)'], ['approve(address,uint256)'], ['takeOwnership(uint256)'], ['addNewTokenWithEditions(string,uint256,uint256)'], ['cancelBid(uint256)']]" --parallel-solving
myth -v 2 analyze ./contracts/SupeRare.sol:SupeRare --transaction-sequences "[[0x9703ef35],[0x095ea7b3],[0xb2e6ceeb],[0x019871e9],[0x9703ef35]]" --parallel-solving
Used 28.2242910861969 seconds
coverage file: ./myth_code_coverage/d5624a26-000b-4fa0-922a-d1caea1bdabc.json
The analysis was completed successfully. No issues were detected.


overall time used (seconds): 1094.7589213848114



myth -v 2 analyze ./contracts/SupeRare.sol:SupeRare --transaction-sequences "[['whitelistCreator(address)']]" --parallel-solving
myth -v 2 analyze ./contracts/SupeRare.sol:SupeRare --transaction-sequences "[[0x62f11dd2]]" --parallel-solving
Used 28.466452598571777 seconds
coverage file: ./myth_code_coverage/33d631a6-f7b1-4e4f-b10d-1fcb1f4159cf.json
The analysis was completed successfully. No issues were detected.


overall time used (seconds): 1126.673724412918



myth -v 2 analyze ./contracts/SupeRare.sol:SupeRare --transaction-sequences "[['approve(address,uint256)'], ['addNewToken(string)'], ['transfer(address,uint256)']]" --parallel-solving
myth -v 2 analyze ./contracts/SupeRare.sol:SupeRare --transaction-sequences "[[0x095ea7b3],[0xd9856c21],[0xa9059cbb]]" --parallel-solving
Used 28.331624746322632 seconds
coverage file: ./myth_code_coverage/f2b72f7c-552c-412c-8bab-8a76b857c28e.json
The analysis was completed successfully. No issues were detected.


overall time used (seconds): 1158.3972058296204



myth -v 2 analyze ./contracts/SupeRare.sol:SupeRare --transaction-sequences "[['whitelistCreator(address)'], ['transfer(address,uint256)']]" --parallel-solving
myth -v 2 analyze ./contracts/SupeRare.sol:SupeRare --transaction-sequences "[[0x62f11dd2],[0xa9059cbb]]" --parallel-solving
Used 30.457899570465088 seconds
coverage file: ./myth_code_coverage/b738362f-3b16-4e48-8c8d-2f9ba3a4bad1.json
The analysis was completed successfully. No issues were detected.


overall time used (seconds): 1192.2886590957642



myth -v 2 analyze ./contracts/SupeRare.sol:SupeRare --transaction-sequences "[['setCreatorPercentage(uint256)'], ['addNewTokenWithEditions(string,uint256,uint256)'], ['approve(address,uint256)'], ['setMaintainerPercentage(uint256)'], ['cancelBid(uint256)']]" --parallel-solving
myth -v 2 analyze ./contracts/SupeRare.sol:SupeRare --transaction-sequences "[[0xc0ec93e7],[0x019871e9],[0x095ea7b3],[0x5c68a557],[0x9703ef35]]" --parallel-solving
Used 34.88768243789673 seconds
coverage file: ./myth_code_coverage/ac34e307-9071-4b33-a6bc-c2b963e39213.json
The analysis was completed successfully. No issues were detected.


overall time used (seconds): 1230.6234917640686



myth -v 2 analyze ./contracts/SupeRare.sol:SupeRare --transaction-sequences "[['addNewTokenWithEditions(string,uint256,uint256)'], ['buy(uint256)']]" --parallel-solving
myth -v 2 analyze ./contracts/SupeRare.sol:SupeRare --transaction-sequences "[[0x019871e9],[0xd96a094a]]" --parallel-solving
Used 34.297420501708984 seconds
coverage file: ./myth_code_coverage/425e144a-66d5-4370-86ce-ae5d5bc624a6.json
The analysis was completed successfully. No issues were detected.


overall time used (seconds): 1268.3891487121582



myth -v 2 analyze ./contracts/SupeRare.sol:SupeRare --transaction-sequences "[['bid(uint256)'], ['setSalePrice(uint256,uint256)'], ['transferOwnership(address)'], ['transfer(address,uint256)'], ['setSalePrice(uint256,uint256)']]" --parallel-solving
myth -v 2 analyze ./contracts/SupeRare.sol:SupeRare --transaction-sequences "[[0x454a2ab3],[0x053992c5],[0xf2fde38b],[0xa9059cbb],[0x053992c5]]" --parallel-solving
Used 28.052891969680786 seconds
coverage file: ./myth_code_coverage/b594d2eb-cb91-4df0-b6e8-f1d0fd00fb07.json
The analysis was completed successfully. No issues were detected.


overall time used (seconds): 1299.8756909370422



myth -v 2 analyze ./contracts/SupeRare.sol:SupeRare --transaction-sequences "[['cancelBid(uint256)'], ['addNewToken(string)'], ['takeOwnership(uint256)'], ['buy(uint256)'], ['buy(uint256)']]" --parallel-solving
myth -v 2 analyze ./contracts/SupeRare.sol:SupeRare --transaction-sequences "[[0x9703ef35],[0xd9856c21],[0xb2e6ceeb],[0xd96a094a],[0xd96a094a]]" --parallel-solving
Used 28.32805848121643 seconds
coverage file: ./myth_code_coverage/5381f38d-bda6-4e4d-aa56-c2f24b886bbe.json
The analysis was completed successfully. No issues were detected.


overall time used (seconds): 1331.6023743152618



myth -v 2 analyze ./contracts/SupeRare.sol:SupeRare --transaction-sequences "[['approve(address,uint256)'], ['acceptBid(uint256)']]" --parallel-solving
myth -v 2 analyze ./contracts/SupeRare.sol:SupeRare --transaction-sequences "[[0x095ea7b3],[0x2b1fd58a]]" --parallel-solving
Used 28.16308856010437 seconds
coverage file: ./myth_code_coverage/c66a68c1-0b66-4a3d-8431-5df15bc7a41b.json
The analysis was completed successfully. No issues were detected.


overall time used (seconds): 1363.1507894992828



myth -v 2 analyze ./contracts/SupeRare.sol:SupeRare --transaction-sequences "[['buy(uint256)'], ['transfer(address,uint256)']]" --parallel-solving
myth -v 2 analyze ./contracts/SupeRare.sol:SupeRare --transaction-sequences "[[0xd96a094a],[0xa9059cbb]]" --parallel-solving
Used 28.4253933429718 seconds
coverage file: ./myth_code_coverage/abf065bc-e126-4daf-931c-58e2179e752b.json
The analysis was completed successfully. No issues were detected.


overall time used (seconds): 1394.9715728759766



myth -v 2 analyze ./contracts/SupeRare.sol:SupeRare --transaction-sequences "[['addNewToken(string)']]" --parallel-solving
myth -v 2 analyze ./contracts/SupeRare.sol:SupeRare --transaction-sequences "[[0xd9856c21]]" --parallel-solving
Used 34.09629249572754 seconds
coverage file: ./myth_code_coverage/5928178a-0e12-4b3c-a25a-cc3d32687548.json
The analysis was completed successfully. No issues were detected.


overall time used (seconds): 1432.6359694004059



myth -v 2 analyze ./contracts/SupeRare.sol:SupeRare --transaction-sequences "[['cancelBid(uint256)'], ['addNewTokenWithEditions(string,uint256,uint256)'], ['setMaintainerPercentage(uint256)']]" --parallel-solving
myth -v 2 analyze ./contracts/SupeRare.sol:SupeRare --transaction-sequences "[[0x9703ef35],[0x019871e9],[0x5c68a557]]" --parallel-solving
Used 28.176639080047607 seconds
coverage file: ./myth_code_coverage/8666504f-2582-4a4d-8f62-31a5c4c85524.json
The analysis was completed successfully. No issues were detected.


overall time used (seconds): 1464.2037069797516



myth -v 2 analyze ./contracts/SupeRare.sol:SupeRare --transaction-sequences "[['setSalePrice(uint256,uint256)'], ['approve(address,uint256)']]" --parallel-solving
myth -v 2 analyze ./contracts/SupeRare.sol:SupeRare --transaction-sequences "[[0x053992c5],[0x095ea7b3]]" --parallel-solving
Used 28.26437211036682 seconds
coverage file: ./myth_code_coverage/7fec2ee4-a6e5-4b0e-9ee4-058bc24c0004.json
The analysis was completed successfully. No issues were detected.


overall time used (seconds): 1495.8509936332703



myth -v 2 analyze ./contracts/SupeRare.sol:SupeRare --transaction-sequences "[['acceptBid(uint256)'], ['acceptBid(uint256)'], ['transferOwnership(address)'], ['transferOwnership(address)'], ['transferOwnership(address)']]" --parallel-solving
myth -v 2 analyze ./contracts/SupeRare.sol:SupeRare --transaction-sequences "[[0x2b1fd58a],[0x2b1fd58a],[0xf2fde38b],[0xf2fde38b],[0xf2fde38b]]" --parallel-solving
Used 28.01105284690857 seconds
coverage file: ./myth_code_coverage/739ff338-e499-4ed4-9233-772353451787.json
The analysis was completed successfully. No issues were detected.


overall time used (seconds): 1527.2359974384308



myth -v 2 analyze ./contracts/SupeRare.sol:SupeRare --transaction-sequences "[['takeOwnership(uint256)'], ['setSalePrice(uint256,uint256)'], ['transferOwnership(address)'], ['cancelBid(uint256)']]" --parallel-solving
myth -v 2 analyze ./contracts/SupeRare.sol:SupeRare --transaction-sequences "[[0xb2e6ceeb],[0x053992c5],[0xf2fde38b],[0x9703ef35]]" --parallel-solving
Used 28.244314908981323 seconds
coverage file: ./myth_code_coverage/05279d04-6850-44d0-9bc8-ba994010e133.json
The analysis was completed successfully. No issues were detected.


overall time used (seconds): 1558.859243631363



myth -v 2 analyze ./contracts/SupeRare.sol:SupeRare --transaction-sequences "[['cancelBid(uint256)'], ['setMaintainerPercentage(uint256)']]" --parallel-solving
myth -v 2 analyze ./contracts/SupeRare.sol:SupeRare --transaction-sequences "[[0x9703ef35],[0x5c68a557]]" --parallel-solving
Used 28.389657735824585 seconds
coverage file: ./myth_code_coverage/6aaf4d9f-50a3-4ff7-9a06-07944c215327.json
The analysis was completed successfully. No issues were detected.


overall time used (seconds): 1590.635048866272



myth -v 2 analyze ./contracts/SupeRare.sol:SupeRare --transaction-sequences "[['setMaintainerPercentage(uint256)'], ['addNewToken(string)'], ['setCreatorPercentage(uint256)'], ['bid(uint256)'], ['setCreatorPercentage(uint256)']]" --parallel-solving
myth -v 2 analyze ./contracts/SupeRare.sol:SupeRare --transaction-sequences "[[0x5c68a557],[0xd9856c21],[0xc0ec93e7],[0x454a2ab3],[0xc0ec93e7]]" --parallel-solving
Used 34.22695064544678 seconds
coverage file: ./myth_code_coverage/a918495f-dbce-49c0-b72f-dff5b9d2cd6b.json
The analysis was completed successfully. No issues were detected.


overall time used (seconds): 1628.3552548885345



myth -v 2 analyze ./contracts/SupeRare.sol:SupeRare --transaction-sequences "[['setSalePrice(uint256,uint256)'], ['addNewTokenWithEditions(string,uint256,uint256)'], ['approve(address,uint256)'], ['addNewToken(string)']]" --parallel-solving
myth -v 2 analyze ./contracts/SupeRare.sol:SupeRare --transaction-sequences "[[0x053992c5],[0x019871e9],[0x095ea7b3],[0xd9856c21]]" --parallel-solving
Used 28.506162881851196 seconds
coverage file: ./myth_code_coverage/7374d3b9-bdcd-4121-a841-e14bdf4e8ee1.json
The analysis was completed successfully. No issues were detected.


overall time used (seconds): 1660.2744643688202



myth -v 2 analyze ./contracts/SupeRare.sol:SupeRare --transaction-sequences "[['acceptBid(uint256)'], ['setSalePrice(uint256,uint256)'], ['transferOwnership(address)'], ['addNewTokenWithEditions(string,uint256,uint256)']]" --parallel-solving
myth -v 2 analyze ./contracts/SupeRare.sol:SupeRare --transaction-sequences "[[0x2b1fd58a],[0x053992c5],[0xf2fde38b],[0x019871e9]]" --parallel-solving
Used 27.90099310874939 seconds
coverage file: ./myth_code_coverage/749f5305-5be7-49cc-afb2-8c55160844b2.json
The analysis was completed successfully. No issues were detected.


overall time used (seconds): 1691.6153621673584



myth -v 2 analyze ./contracts/SupeRare.sol:SupeRare --transaction-sequences "[['takeOwnership(uint256)'], ['addNewToken(string)'], ['setCreatorPercentage(uint256)']]" --parallel-solving
myth -v 2 analyze ./contracts/SupeRare.sol:SupeRare --transaction-sequences "[[0xb2e6ceeb],[0xd9856c21],[0xc0ec93e7]]" --parallel-solving
Used 28.379733085632324 seconds
coverage file: ./myth_code_coverage/e3ec8dfe-0b0e-4879-ae91-67f4d55db259.json
The analysis was completed successfully. No issues were detected.


overall time used (seconds): 1723.3921563625336



myth -v 2 analyze ./contracts/SupeRare.sol:SupeRare --transaction-sequences "[['transferOwnership(address)']]" --parallel-solving
myth -v 2 analyze ./contracts/SupeRare.sol:SupeRare --transaction-sequences "[[0xf2fde38b]]" --parallel-solving
Used 28.524908304214478 seconds
coverage file: ./myth_code_coverage/df8e597d-b363-4fd1-a027-6279869abd2c.json
The analysis was completed successfully. No issues were detected.


overall time used (seconds): 1755.3142137527466



myth -v 2 analyze ./contracts/SupeRare.sol:SupeRare --transaction-sequences "[['takeOwnership(uint256)']]" --parallel-solving
myth -v 2 analyze ./contracts/SupeRare.sol:SupeRare --transaction-sequences "[[0xb2e6ceeb]]" --parallel-solving
Used 28.40788221359253 seconds
coverage file: ./myth_code_coverage/fe662ef0-98f5-4e04-b484-ef92cdcf8d96.json
The analysis was completed successfully. No issues were detected.


overall time used (seconds): 1787.1437873840332



myth -v 2 analyze ./contracts/SupeRare.sol:SupeRare --transaction-sequences "[['transfer(address,uint256)']]" --parallel-solving
myth -v 2 analyze ./contracts/SupeRare.sol:SupeRare --transaction-sequences "[[0xa9059cbb]]" --parallel-solving
Used 28.780587911605835 seconds
coverage file: ./myth_code_coverage/0d87e0a9-33e1-4be9-976e-3f5202140a79.json
The analysis was completed successfully. No issues were detected.


overall time used (seconds): 1819.3697543144226



myth -v 2 analyze ./contracts/SupeRare.sol:SupeRare --transaction-sequences "[['whitelistCreator(address)'], ['transferOwnership(address)'], ['setMaintainerPercentage(uint256)'], ['addNewTokenWithEditions(string,uint256,uint256)'], ['addNewToken(string)']]" --parallel-solving
myth -v 2 analyze ./contracts/SupeRare.sol:SupeRare --transaction-sequences "[[0x62f11dd2],[0xf2fde38b],[0x5c68a557],[0x019871e9],[0xd9856c21]]" --parallel-solving
Process killed due to timeout!
Process timed out and was killed.
overall time used (seconds): 1939.4117307662964



myth -v 2 analyze ./contracts/SupeRare.sol:SupeRare --transaction-sequences "[['addNewTokenWithEditions(string,uint256,uint256)'], ['cancelBid(uint256)'], ['transfer(address,uint256)'], ['setCreatorPercentage(uint256)'], ['takeOwnership(uint256)']]" --parallel-solving
myth -v 2 analyze ./contracts/SupeRare.sol:SupeRare --transaction-sequences "[[0x019871e9],[0x9703ef35],[0xa9059cbb],[0xc0ec93e7],[0xb2e6ceeb]]" --parallel-solving
Used 34.3799512386322 seconds
coverage file: ./myth_code_coverage/43a860db-5303-485c-9ecb-46128accea12.json
The analysis was completed successfully. No issues were detected.


overall time used (seconds): 1977.3245162963867



myth -v 2 analyze ./contracts/SupeRare.sol:SupeRare --transaction-sequences "[['buy(uint256)'], ['whitelistCreator(address)']]" --parallel-solving
myth -v 2 analyze ./contracts/SupeRare.sol:SupeRare --transaction-sequences "[[0xd96a094a],[0x62f11dd2]]" --parallel-solving
Used 28.303205728530884 seconds
coverage file: ./myth_code_coverage/44da81db-3446-4a0a-bb32-348f9a5d08bb.json
The analysis was completed successfully. No issues were detected.


overall time used (seconds): 2009.0191099643707



myth -v 2 analyze ./contracts/SupeRare.sol:SupeRare --transaction-sequences "[['addNewToken(string)'], ['approve(address,uint256)'], ['takeOwnership(uint256)']]" --parallel-solving
myth -v 2 analyze ./contracts/SupeRare.sol:SupeRare --transaction-sequences "[[0xd9856c21],[0x095ea7b3],[0xb2e6ceeb]]" --parallel-solving
Used 33.97088122367859 seconds
coverage file: ./myth_code_coverage/e172a40c-8c59-4bed-83a9-2adf7e8767ba.json
The analysis was completed successfully. No issues were detected.


overall time used (seconds): 2046.5642547607422



myth -v 2 analyze ./contracts/SupeRare.sol:SupeRare --transaction-sequences "[['transferOwnership(address)'], ['transfer(address,uint256)'], ['cancelBid(uint256)']]" --parallel-solving
myth -v 2 analyze ./contracts/SupeRare.sol:SupeRare --transaction-sequences "[[0xf2fde38b],[0xa9059cbb],[0x9703ef35]]" --parallel-solving
Used 30.820239782333374 seconds
coverage file: ./myth_code_coverage/17863d65-e0cd-41d4-8aa8-99c201e99179.json
The analysis was completed successfully. No issues were detected.


overall time used (seconds): 2080.7995054721832



myth -v 2 analyze ./contracts/SupeRare.sol:SupeRare --transaction-sequences "[['transferOwnership(address)'], ['takeOwnership(uint256)'], ['setMaintainerPercentage(uint256)']]" --parallel-solving
myth -v 2 analyze ./contracts/SupeRare.sol:SupeRare --transaction-sequences "[[0xf2fde38b],[0xb2e6ceeb],[0x5c68a557]]" --parallel-solving
Used 30.435144901275635 seconds
coverage file: ./myth_code_coverage/6f9b255d-0618-40fc-957c-ced290ac8d37.json
The analysis was completed successfully. No issues were detected.


overall time used (seconds): 2114.6734340190887



myth -v 2 analyze ./contracts/SupeRare.sol:SupeRare --transaction-sequences "[['transfer(address,uint256)'], ['addNewToken(string)']]" --parallel-solving
myth -v 2 analyze ./contracts/SupeRare.sol:SupeRare --transaction-sequences "[[0xa9059cbb],[0xd9856c21]]" --parallel-solving
Used 28.72750425338745 seconds
coverage file: ./myth_code_coverage/dd620f2d-65a5-4cc7-b3e7-170750366cad.json
The analysis was completed successfully. No issues were detected.


overall time used (seconds): 2146.8313937187195



myth -v 2 analyze ./contracts/SupeRare.sol:SupeRare --transaction-sequences "[['buy(uint256)'], ['setSalePrice(uint256,uint256)'], ['approve(address,uint256)'], ['setMaintainerPercentage(uint256)'], ['approve(address,uint256)']]" --parallel-solving
myth -v 2 analyze ./contracts/SupeRare.sol:SupeRare --transaction-sequences "[[0xd96a094a],[0x053992c5],[0x095ea7b3],[0x5c68a557],[0x095ea7b3]]" --parallel-solving
Used 28.56200075149536 seconds
coverage file: ./myth_code_coverage/65c74e78-eb3d-44fa-9689-3e60c4d8891f.json
The analysis was completed successfully. No issues were detected.


overall time used (seconds): 2178.7998740673065



myth -v 2 analyze ./contracts/SupeRare.sol:SupeRare --transaction-sequences "[['addNewTokenWithEditions(string,uint256,uint256)'], ['addNewTokenWithEditions(string,uint256,uint256)'], ['setSalePrice(uint256,uint256)'], ['approve(address,uint256)'], ['cancelBid(uint256)']]" --parallel-solving
myth -v 2 analyze ./contracts/SupeRare.sol:SupeRare --transaction-sequences "[[0x019871e9],[0x019871e9],[0x053992c5],[0x095ea7b3],[0x9703ef35]]" --parallel-solving
Used 34.51521587371826 seconds
coverage file: ./myth_code_coverage/06a79eac-52b5-4b11-a12e-9d246158e65a.json
The analysis was completed successfully. No issues were detected.


overall time used (seconds): 2216.8591713905334



myth -v 2 analyze ./contracts/SupeRare.sol:SupeRare --transaction-sequences "[['cancelBid(uint256)'], ['acceptBid(uint256)'], ['takeOwnership(uint256)'], ['addNewToken(string)']]" --parallel-solving
myth -v 2 analyze ./contracts/SupeRare.sol:SupeRare --transaction-sequences "[[0x9703ef35],[0x2b1fd58a],[0xb2e6ceeb],[0xd9856c21]]" --parallel-solving
Used 28.117721796035767 seconds
coverage file: ./myth_code_coverage/d894e525-a933-4cf6-b775-9bc0077b9a6d.json
The analysis was completed successfully. No issues were detected.


overall time used (seconds): 2248.395825624466



myth -v 2 analyze ./contracts/SupeRare.sol:SupeRare --transaction-sequences "[['takeOwnership(uint256)'], ['takeOwnership(uint256)']]" --parallel-solving
myth -v 2 analyze ./contracts/SupeRare.sol:SupeRare --transaction-sequences "[[0xb2e6ceeb],[0xb2e6ceeb]]" --parallel-solving
Used 28.30726671218872 seconds
coverage file: ./myth_code_coverage/a9621d08-f165-4610-90d9-557ec8a08db9.json
The analysis was completed successfully. No issues were detected.


overall time used (seconds): 2280.1158084869385



myth -v 2 analyze ./contracts/SupeRare.sol:SupeRare --transaction-sequences "[['buy(uint256)']]" --parallel-solving
myth -v 2 analyze ./contracts/SupeRare.sol:SupeRare --transaction-sequences "[[0xd96a094a]]" --parallel-solving
Used 28.444775342941284 seconds
coverage file: ./myth_code_coverage/57617a19-fd24-4580-9173-edd4c957aa2b.json
The analysis was completed successfully. No issues were detected.


overall time used (seconds): 2312.0477089881897



myth -v 2 analyze ./contracts/SupeRare.sol:SupeRare --transaction-sequences "[['approve(address,uint256)'], ['acceptBid(uint256)'], ['setMaintainerPercentage(uint256)'], ['transferOwnership(address)'], ['addNewTokenWithEditions(string,uint256,uint256)']]" --parallel-solving
myth -v 2 analyze ./contracts/SupeRare.sol:SupeRare --transaction-sequences "[[0x095ea7b3],[0x2b1fd58a],[0x5c68a557],[0xf2fde38b],[0x019871e9]]" --parallel-solving
Used 28.482181310653687 seconds
coverage file: ./myth_code_coverage/50caa089-9d2c-467f-b0e1-fe2a0f7039d2.json
The analysis was completed successfully. No issues were detected.


overall time used (seconds): 2343.954175233841



myth -v 2 analyze ./contracts/SupeRare.sol:SupeRare --transaction-sequences "[['acceptBid(uint256)'], ['approve(address,uint256)'], ['bid(uint256)']]" --parallel-solving
myth -v 2 analyze ./contracts/SupeRare.sol:SupeRare --transaction-sequences "[[0x2b1fd58a],[0x095ea7b3],[0x454a2ab3]]" --parallel-solving
Used 27.911742448806763 seconds
coverage file: ./myth_code_coverage/fab35486-2688-4c8a-b07d-77b124bf2f68.json
The analysis was completed successfully. No issues were detected.


overall time used (seconds): 2375.3119266033173



myth -v 2 analyze ./contracts/SupeRare.sol:SupeRare --transaction-sequences "[['transfer(address,uint256)'], ['setSalePrice(uint256,uint256)'], ['takeOwnership(uint256)']]" --parallel-solving
myth -v 2 analyze ./contracts/SupeRare.sol:SupeRare --transaction-sequences "[[0xa9059cbb],[0x053992c5],[0xb2e6ceeb]]" --parallel-solving
Used 28.980015516281128 seconds
coverage file: ./myth_code_coverage/1798c73b-5d0f-416c-811c-9830ca8aa944.json
The analysis was completed successfully. No issues were detected.


overall time used (seconds): 2407.6865882873535



myth -v 2 analyze ./contracts/SupeRare.sol:SupeRare --transaction-sequences "[['transferOwnership(address)'], ['setCreatorPercentage(uint256)'], ['acceptBid(uint256)'], ['setMaintainerPercentage(uint256)']]" --parallel-solving
myth -v 2 analyze ./contracts/SupeRare.sol:SupeRare --transaction-sequences "[[0xf2fde38b],[0xc0ec93e7],[0x2b1fd58a],[0x5c68a557]]" --parallel-solving
Used 30.583398818969727 seconds
coverage file: ./myth_code_coverage/29838a00-2133-4085-8386-7e64fa44639b.json
The analysis was completed successfully. No issues were detected.


overall time used (seconds): 2441.7359228134155



myth -v 2 analyze ./contracts/SupeRare.sol:SupeRare --transaction-sequences "[['buy(uint256)']]" --parallel-solving
myth -v 2 analyze ./contracts/SupeRare.sol:SupeRare --transaction-sequences "[[0xd96a094a]]" --parallel-solving
Used 28.58712124824524 seconds
coverage file: ./myth_code_coverage/7a2f9fe0-6a8c-416d-ae56-7271a11c9cd3.json
The analysis was completed successfully. No issues were detected.


overall time used (seconds): 2473.794494152069



myth -v 2 analyze ./contracts/SupeRare.sol:SupeRare --transaction-sequences "[['setCreatorPercentage(uint256)'], ['addNewTokenWithEditions(string,uint256,uint256)'], ['setMaintainerPercentage(uint256)'], ['approve(address,uint256)']]" --parallel-solving
myth -v 2 analyze ./contracts/SupeRare.sol:SupeRare --transaction-sequences "[[0xc0ec93e7],[0x019871e9],[0x5c68a557],[0x095ea7b3]]" --parallel-solving
Used 34.69552946090698 seconds
coverage file: ./myth_code_coverage/4a8b4025-ce1c-4795-bbf8-60650ef532b2.json
The analysis was completed successfully. No issues were detected.


overall time used (seconds): 2512.0200300216675



myth -v 2 analyze ./contracts/SupeRare.sol:SupeRare --transaction-sequences "[['setSalePrice(uint256,uint256)']]" --parallel-solving
myth -v 2 analyze ./contracts/SupeRare.sol:SupeRare --transaction-sequences "[[0x053992c5]]" --parallel-solving
Used 28.371747255325317 seconds
coverage file: ./myth_code_coverage/ecbca02d-7781-43b3-be84-e3409c5924f8.json
The analysis was completed successfully. No issues were detected.


overall time used (seconds): 2543.835051059723



myth -v 2 analyze ./contracts/SupeRare.sol:SupeRare --transaction-sequences "[['setSalePrice(uint256,uint256)'], ['transferOwnership(address)'], ['approve(address,uint256)'], ['whitelistCreator(address)'], ['setMaintainerPercentage(uint256)']]" --parallel-solving
myth -v 2 analyze ./contracts/SupeRare.sol:SupeRare --transaction-sequences "[[0x053992c5],[0xf2fde38b],[0x095ea7b3],[0x62f11dd2],[0x5c68a557]]" --parallel-solving
Used 28.32736897468567 seconds
coverage file: ./myth_code_coverage/d084a0e6-1d92-4a6c-bdb2-3c1121dbd83b.json
The analysis was completed successfully. No issues were detected.


overall time used (seconds): 2575.575698852539



myth -v 2 analyze ./contracts/SupeRare.sol:SupeRare --transaction-sequences "[['addNewTokenWithEditions(string,uint256,uint256)'], ['approve(address,uint256)']]" --parallel-solving
myth -v 2 analyze ./contracts/SupeRare.sol:SupeRare --transaction-sequences "[[0x019871e9],[0x095ea7b3]]" --parallel-solving
Used 34.52613639831543 seconds
coverage file: ./myth_code_coverage/6f7e71f6-db8a-400f-bc8c-42168eb8480e.json
The analysis was completed successfully. No issues were detected.


overall time used (seconds): 2613.614163160324



myth -v 2 analyze ./contracts/SupeRare.sol:SupeRare --transaction-sequences "[['transfer(address,uint256)'], ['buy(uint256)'], ['transferOwnership(address)'], ['addNewTokenWithEditions(string,uint256,uint256)']]" --parallel-solving
myth -v 2 analyze ./contracts/SupeRare.sol:SupeRare --transaction-sequences "[[0xa9059cbb],[0xd96a094a],[0xf2fde38b],[0x019871e9]]" --parallel-solving
Used 28.856274127960205 seconds
coverage file: ./myth_code_coverage/fa6e9c0b-cbd1-4973-8d17-bea5c041c678.json
The analysis was completed successfully. No issues were detected.


overall time used (seconds): 2645.9096307754517



myth -v 2 analyze ./contracts/SupeRare.sol:SupeRare --transaction-sequences "[['approve(address,uint256)'], ['acceptBid(uint256)']]" --parallel-solving
myth -v 2 analyze ./contracts/SupeRare.sol:SupeRare --transaction-sequences "[[0x095ea7b3],[0x2b1fd58a]]" --parallel-solving
Used 28.04043674468994 seconds
coverage file: ./myth_code_coverage/ee75e154-dc40-458d-8d5f-495be76f91a8.json
The analysis was completed successfully. No issues were detected.


overall time used (seconds): 2677.3822276592255



myth -v 2 analyze ./contracts/SupeRare.sol:SupeRare --transaction-sequences "[['setSalePrice(uint256,uint256)'], ['takeOwnership(uint256)']]" --parallel-solving
myth -v 2 analyze ./contracts/SupeRare.sol:SupeRare --transaction-sequences "[[0x053992c5],[0xb2e6ceeb]]" --parallel-solving
Used 28.484756231307983 seconds
coverage file: ./myth_code_coverage/2ae603fb-1566-48ed-aeb1-454631e34be6.json
The analysis was completed successfully. No issues were detected.


overall time used (seconds): 2709.284680366516



myth -v 2 analyze ./contracts/SupeRare.sol:SupeRare --transaction-sequences "[['whitelistCreator(address)'], ['addNewTokenWithEditions(string,uint256,uint256)'], ['transfer(address,uint256)']]" --parallel-solving
myth -v 2 analyze ./contracts/SupeRare.sol:SupeRare --transaction-sequences "[[0x62f11dd2],[0x019871e9],[0xa9059cbb]]" --parallel-solving
Process killed due to timeout!
Process timed out and was killed.
overall time used (seconds): 2829.327269077301



myth -v 2 analyze ./contracts/SupeRare.sol:SupeRare --transaction-sequences "[['addNewToken(string)'], ['approve(address,uint256)'], ['acceptBid(uint256)']]" --parallel-solving
myth -v 2 analyze ./contracts/SupeRare.sol:SupeRare --transaction-sequences "[[0xd9856c21],[0x095ea7b3],[0x2b1fd58a]]" --parallel-solving
Used 34.38175821304321 seconds
coverage file: ./myth_code_coverage/4eec31ba-47ca-45f4-acf1-1ab3903251b4.json
The analysis was completed successfully. No issues were detected.


overall time used (seconds): 2867.181277513504



myth -v 2 analyze ./contracts/SupeRare.sol:SupeRare --transaction-sequences "[['transferOwnership(address)'], ['setSalePrice(uint256,uint256)'], ['whitelistCreator(address)'], ['setCreatorPercentage(uint256)']]" --parallel-solving
myth -v 2 analyze ./contracts/SupeRare.sol:SupeRare --transaction-sequences "[[0xf2fde38b],[0x053992c5],[0x62f11dd2],[0xc0ec93e7]]" --parallel-solving
Used 30.242046356201172 seconds
coverage file: ./myth_code_coverage/35e3b48e-4646-4b17-87bc-cb9729956795.json
The analysis was completed successfully. No issues were detected.


overall time used (seconds): 2900.8520214557648



myth -v 2 analyze ./contracts/SupeRare.sol:SupeRare --transaction-sequences "[['approve(address,uint256)'], ['takeOwnership(uint256)'], ['setMaintainerPercentage(uint256)']]" --parallel-solving
myth -v 2 analyze ./contracts/SupeRare.sol:SupeRare --transaction-sequences "[[0x095ea7b3],[0xb2e6ceeb],[0x5c68a557]]" --parallel-solving
Used 28.149725914001465 seconds
coverage file: ./myth_code_coverage/797c95a4-3fbb-4d3e-a261-fe8c666d1fd7.json
The analysis was completed successfully. No issues were detected.


overall time used (seconds): 2932.4041533470154



myth -v 2 analyze ./contracts/SupeRare.sol:SupeRare --transaction-sequences "[['setCreatorPercentage(uint256)']]" --parallel-solving
myth -v 2 analyze ./contracts/SupeRare.sol:SupeRare --transaction-sequences "[[0xc0ec93e7]]" --parallel-solving
Used 28.12443780899048 seconds
coverage file: ./myth_code_coverage/c245bef7-d7b8-4769-99e9-9e0ecd9fba1b.json
The analysis was completed successfully. No issues were detected.


overall time used (seconds): 2963.93904876709



myth -v 2 analyze ./contracts/SupeRare.sol:SupeRare --transaction-sequences "[['cancelBid(uint256)']]" --parallel-solving
myth -v 2 analyze ./contracts/SupeRare.sol:SupeRare --transaction-sequences "[[0x9703ef35]]" --parallel-solving
Used 28.39763331413269 seconds
coverage file: ./myth_code_coverage/92ffff6b-fae9-4c75-a229-96166bafb2f4.json
The analysis was completed successfully. No issues were detected.


overall time used (seconds): 2995.7762339115143



myth -v 2 analyze ./contracts/SupeRare.sol:SupeRare --transaction-sequences "[['acceptBid(uint256)'], ['addNewTokenWithEditions(string,uint256,uint256)'], ['buy(uint256)'], ['approve(address,uint256)'], ['setCreatorPercentage(uint256)']]" --parallel-solving
myth -v 2 analyze ./contracts/SupeRare.sol:SupeRare --transaction-sequences "[[0x2b1fd58a],[0x019871e9],[0xd96a094a],[0x095ea7b3],[0xc0ec93e7]]" --parallel-solving
Used 28.187113285064697 seconds
coverage file: ./myth_code_coverage/f7ba0c93-f5e1-4bd7-940f-56bbba197bc0.json
The analysis was completed successfully. No issues were detected.


overall time used (seconds): 3027.4476737976074



myth -v 2 analyze ./contracts/SupeRare.sol:SupeRare --transaction-sequences "[['transfer(address,uint256)'], ['cancelBid(uint256)'], ['takeOwnership(uint256)'], ['cancelBid(uint256)'], ['acceptBid(uint256)']]" --parallel-solving
myth -v 2 analyze ./contracts/SupeRare.sol:SupeRare --transaction-sequences "[[0xa9059cbb],[0x9703ef35],[0xb2e6ceeb],[0x9703ef35],[0x2b1fd58a]]" --parallel-solving
Used 28.711103916168213 seconds
coverage file: ./myth_code_coverage/66766bb2-0ec5-4bfe-8256-9c3b5868182b.json
The analysis was completed successfully. No issues were detected.


overall time used (seconds): 3059.604308605194



myth -v 2 analyze ./contracts/SupeRare.sol:SupeRare --transaction-sequences "[['acceptBid(uint256)']]" --parallel-solving
myth -v 2 analyze ./contracts/SupeRare.sol:SupeRare --transaction-sequences "[[0x2b1fd58a]]" --parallel-solving
Used 28.17724871635437 seconds
coverage file: ./myth_code_coverage/6c96ae15-8e0f-4d9d-9b55-68e901a62ef1.json
The analysis was completed successfully. No issues were detected.


overall time used (seconds): 3091.191778421402



myth -v 2 analyze ./contracts/SupeRare.sol:SupeRare --transaction-sequences "[['addNewToken(string)']]" --parallel-solving
myth -v 2 analyze ./contracts/SupeRare.sol:SupeRare --transaction-sequences "[[0xd9856c21]]" --parallel-solving
Used 34.415966749191284 seconds
coverage file: ./myth_code_coverage/7000ee2f-9cee-44ae-b0a5-87bc5cd699fc.json
The analysis was completed successfully. No issues were detected.


overall time used (seconds): 3129.077982902527



myth -v 2 analyze ./contracts/SupeRare.sol:SupeRare --transaction-sequences "[['bid(uint256)'], ['buy(uint256)'], ['bid(uint256)'], ['transfer(address,uint256)']]" --parallel-solving
myth -v 2 analyze ./contracts/SupeRare.sol:SupeRare --transaction-sequences "[[0x454a2ab3],[0xd96a094a],[0x454a2ab3],[0xa9059cbb]]" --parallel-solving
Used 27.948740005493164 seconds
coverage file: ./myth_code_coverage/e2cb719a-2d35-4626-859f-c133a0ce1ab1.json
The analysis was completed successfully. No issues were detected.


overall time used (seconds): 3160.45391869545



myth -v 2 analyze ./contracts/SupeRare.sol:SupeRare --transaction-sequences "[['takeOwnership(uint256)'], ['setSalePrice(uint256,uint256)'], ['cancelBid(uint256)'], ['addNewToken(string)']]" --parallel-solving
myth -v 2 analyze ./contracts/SupeRare.sol:SupeRare --transaction-sequences "[[0xb2e6ceeb],[0x053992c5],[0x9703ef35],[0xd9856c21]]" --parallel-solving
Used 28.294499397277832 seconds
coverage file: ./myth_code_coverage/f5ab96ce-efa5-4252-83d9-546bca5e0ac8.json
The analysis was completed successfully. No issues were detected.


overall time used (seconds): 3192.1467111110687



myth -v 2 analyze ./contracts/SupeRare.sol:SupeRare --transaction-sequences "[['approve(address,uint256)'], ['approve(address,uint256)'], ['buy(uint256)'], ['setSalePrice(uint256,uint256)']]" --parallel-solving
myth -v 2 analyze ./contracts/SupeRare.sol:SupeRare --transaction-sequences "[[0x095ea7b3],[0x095ea7b3],[0xd96a094a],[0x053992c5]]" --parallel-solving
Used 28.024378776550293 seconds
coverage file: ./myth_code_coverage/c0e8e814-1692-43d5-910a-40079cab2df6.json
The analysis was completed successfully. No issues were detected.


overall time used (seconds): 3223.555419445038



myth -v 2 analyze ./contracts/SupeRare.sol:SupeRare --transaction-sequences "[['bid(uint256)'], ['bid(uint256)'], ['setCreatorPercentage(uint256)'], ['transfer(address,uint256)'], ['cancelBid(uint256)']]" --parallel-solving
myth -v 2 analyze ./contracts/SupeRare.sol:SupeRare --transaction-sequences "[[0x454a2ab3],[0x454a2ab3],[0xc0ec93e7],[0xa9059cbb],[0x9703ef35]]" --parallel-solving
Used 28.223313331604004 seconds
coverage file: ./myth_code_coverage/33376c6c-66f6-4616-9dcd-705edfa3f551.json
The analysis was completed successfully. No issues were detected.


overall time used (seconds): 3255.203418493271



myth -v 2 analyze ./contracts/SupeRare.sol:SupeRare --transaction-sequences "[['cancelBid(uint256)'], ['transferOwnership(address)'], ['cancelBid(uint256)'], ['addNewToken(string)'], ['addNewToken(string)']]" --parallel-solving
myth -v 2 analyze ./contracts/SupeRare.sol:SupeRare --transaction-sequences "[[0x9703ef35],[0xf2fde38b],[0x9703ef35],[0xd9856c21],[0xd9856c21]]" --parallel-solving
Used 28.056748390197754 seconds
coverage file: ./myth_code_coverage/2aa5cd7a-edd4-48d5-90c9-4503cb8a4988.json
The analysis was completed successfully. No issues were detected.


overall time used (seconds): 3286.692479133606



myth -v 2 analyze ./contracts/SupeRare.sol:SupeRare --transaction-sequences "[['takeOwnership(uint256)'], ['buy(uint256)'], ['whitelistCreator(address)'], ['setMaintainerPercentage(uint256)']]" --parallel-solving
myth -v 2 analyze ./contracts/SupeRare.sol:SupeRare --transaction-sequences "[[0xb2e6ceeb],[0xd96a094a],[0x62f11dd2],[0x5c68a557]]" --parallel-solving
Used 28.518499612808228 seconds
coverage file: ./myth_code_coverage/ec974e60-9073-40c2-bf4e-cb92023cbe60.json
The analysis was completed successfully. No issues were detected.


overall time used (seconds): 3318.6701889038086



myth -v 2 analyze ./contracts/SupeRare.sol:SupeRare --transaction-sequences "[['setMaintainerPercentage(uint256)'], ['transfer(address,uint256)'], ['setCreatorPercentage(uint256)']]" --parallel-solving
myth -v 2 analyze ./contracts/SupeRare.sol:SupeRare --transaction-sequences "[[0x5c68a557],[0xa9059cbb],[0xc0ec93e7]]" --parallel-solving
Used 30.375211000442505 seconds
coverage file: ./myth_code_coverage/8b9816dd-6c40-4462-8522-1683076baf4c.json
The analysis was completed successfully. No issues were detected.


overall time used (seconds): 3352.4915249347687



myth -v 2 analyze ./contracts/SupeRare.sol:SupeRare --transaction-sequences "[['transfer(address,uint256)'], ['transferOwnership(address)'], ['addNewToken(string)'], ['addNewTokenWithEditions(string,uint256,uint256)']]" --parallel-solving
myth -v 2 analyze ./contracts/SupeRare.sol:SupeRare --transaction-sequences "[[0xa9059cbb],[0xf2fde38b],[0xd9856c21],[0x019871e9]]" --parallel-solving
Used 29.219562530517578 seconds
coverage file: ./myth_code_coverage/4e03e14d-0f81-4dd3-a5f8-b779993a9463.json
The analysis was completed successfully. No issues were detected.


overall time used (seconds): 3385.107647418976



myth -v 2 analyze ./contracts/SupeRare.sol:SupeRare --transaction-sequences "[['bid(uint256)'], ['whitelistCreator(address)']]" --parallel-solving
myth -v 2 analyze ./contracts/SupeRare.sol:SupeRare --transaction-sequences "[[0x454a2ab3],[0x62f11dd2]]" --parallel-solving
Used 28.09970474243164 seconds
coverage file: ./myth_code_coverage/ae3c6a51-0884-4229-b739-8dd82b39b513.json
The analysis was completed successfully. No issues were detected.


overall time used (seconds): 3416.6067266464233



myth -v 2 analyze ./contracts/SupeRare.sol:SupeRare --transaction-sequences "[['approve(address,uint256)'], ['takeOwnership(uint256)'], ['addNewToken(string)'], ['cancelBid(uint256)'], ['addNewTokenWithEditions(string,uint256,uint256)']]" --parallel-solving
myth -v 2 analyze ./contracts/SupeRare.sol:SupeRare --transaction-sequences "[[0x095ea7b3],[0xb2e6ceeb],[0xd9856c21],[0x9703ef35],[0x019871e9]]" --parallel-solving
Used 28.255613088607788 seconds
coverage file: ./myth_code_coverage/0c9ae2fd-a771-44d1-a242-04495958cf43.json
The analysis was completed successfully. No issues were detected.


overall time used (seconds): 3448.2992763519287



myth -v 2 analyze ./contracts/SupeRare.sol:SupeRare --transaction-sequences "[['whitelistCreator(address)'], ['transferOwnership(address)'], ['buy(uint256)'], ['setCreatorPercentage(uint256)'], ['takeOwnership(uint256)']]" --parallel-solving
myth -v 2 analyze ./contracts/SupeRare.sol:SupeRare --transaction-sequences "[[0x62f11dd2],[0xf2fde38b],[0xd96a094a],[0xc0ec93e7],[0xb2e6ceeb]]" --parallel-solving
Used 33.282758712768555 seconds
coverage file: ./myth_code_coverage/6af3dffd-86f8-42f2-bc34-0bfeaf85cfa9.json
The analysis was completed successfully. No issues were detected.


overall time used (seconds): 3485.034950017929



