1 round...
Switched global version to 0.4.25
Switched global version to 0.5.0
Switched global version to 0.4.25
Switched global version to 0.5.0
random_myth_RpsGame.log
Achieved coverage: 46.72701949860724%
****************************************************************
random_myth_CryptoPunksMarket.log
Achieved coverage: 25.94784834426492%
****************************************************************
random_myth_MoonCatRescue.log
Achieved coverage: 17.953144266337855%
****************************************************************
random_myth_SaleClockAuction.log
Achieved coverage: 60.10799865001687%
****************************************************************
random_myth_SupeRare.log
Achieved coverage: 24.608540925266905%
****************************************************************
random_myth_GameChannel.log
Achieved coverage: 49.73584108199493%
****************************************************************
mbt_myth_RpsGame.log
Achieved coverage: 50.09285051067781%
****************************************************************
mbt_myth_CryptoPunksMarket.log
Achieved coverage: 50.9038553831387%
****************************************************************
mbt_myth_MoonCatRescue.log
Achieved coverage: 41.479654747225645%
****************************************************************
mbt_myth_SaleClockAuction.log
Achieved coverage: 51.33310833614579%
****************************************************************
mbt_myth_SupeRare.log
Achieved coverage: 48.98576512455516%
****************************************************************
mbt_myth_GameChannel.log
Achieved coverage: 32.98816568047337%
****************************************************************
mbt_myth_CryptoPunksMarket.log
mbt_myth_GameChannel.log
mbt_myth_MoonCatRescue.log
mbt_myth_RpsGame.log
mbt_myth_SaleClockAuction.log
mbt_myth_SupeRare.log
random_myth_CryptoPunksMarket.log
random_myth_GameChannel.log
random_myth_MoonCatRescue.log
random_myth_RpsGame.log
random_myth_SaleClockAuction.log
random_myth_SupeRare.log
trial-1-5.log
tar: trial-1-5.log: file changed as we read it
2 round...
Switched global version to 0.4.25
Switched global version to 0.5.0
Switched global version to 0.4.25
Switched global version to 0.5.0
random_myth_RpsGame.log
Achieved coverage: 47.88765088207985%
****************************************************************
random_myth_CryptoPunksMarket.log
Achieved coverage: 23.260278355463125%
****************************************************************
random_myth_MoonCatRescue.log
Achieved coverage: 18.471023427866832%
****************************************************************
random_myth_SaleClockAuction.log
Achieved coverage: 70.26662166722916%
****************************************************************
random_myth_SupeRare.log
Achieved coverage: 24.537366548042705%
****************************************************************
random_myth_GameChannel.log
Achieved coverage: 53.61369399830939%
****************************************************************
mbt_myth_RpsGame.log
Achieved coverage: 50.09285051067781%
****************************************************************
mbt_myth_CryptoPunksMarket.log
Achieved coverage: 33.098704207326826%
****************************************************************
mbt_myth_MoonCatRescue.log
Achieved coverage: 43.60049321824908%
****************************************************************
mbt_myth_SaleClockAuction.log
Achieved coverage: 81.97772527843402%
****************************************************************
mbt_myth_SupeRare.log
Achieved coverage: 18.89679715302491%
****************************************************************
mbt_myth_GameChannel.log
Achieved coverage: 32.98816568047337%
****************************************************************
mbt_myth_CryptoPunksMarket.log
mbt_myth_GameChannel.log
mbt_myth_MoonCatRescue.log
mbt_myth_RpsGame.log
mbt_myth_SaleClockAuction.log
mbt_myth_SupeRare.log
random_myth_CryptoPunksMarket.log
random_myth_GameChannel.log
random_myth_MoonCatRescue.log
random_myth_RpsGame.log
random_myth_SaleClockAuction.log
random_myth_SupeRare.log
trial-1-5.log
tar: trial-1-5.log: file changed as we read it
3 round...
Switched global version to 0.4.25
Switched global version to 0.5.0
Switched global version to 0.4.25
Switched global version to 0.5.0
random_myth_RpsGame.log
Achieved coverage: 44.54503249767874%
****************************************************************
random_myth_CryptoPunksMarket.log
Achieved coverage: 22.748360262358023%
****************************************************************
random_myth_MoonCatRescue.log
Achieved coverage: 18.471023427866832%
****************************************************************
random_myth_SaleClockAuction.log
Achieved coverage: 70.23287208909889%
****************************************************************
random_myth_SupeRare.log
Achieved coverage: 24.537366548042705%
****************************************************************
random_myth_GameChannel.log
Achieved coverage: 51.87024513947591%
****************************************************************
mbt_myth_RpsGame.log
Achieved coverage: 50.02321262766946%
****************************************************************
mbt_myth_CryptoPunksMarket.log
Achieved coverage: 44.776835706286995%
****************************************************************
mbt_myth_MoonCatRescue.log
Achieved coverage: 41.097410604192355%
****************************************************************
mbt_myth_SaleClockAuction.log
Achieved coverage: 78.43401957475533%
****************************************************************
mbt_myth_SupeRare.log
Achieved coverage: 21.565836298932382%
****************************************************************
mbt_myth_GameChannel.log
Achieved coverage: 32.98816568047337%
****************************************************************
mbt_myth_CryptoPunksMarket.log
mbt_myth_GameChannel.log
mbt_myth_MoonCatRescue.log
mbt_myth_RpsGame.log
mbt_myth_SaleClockAuction.log
mbt_myth_SupeRare.log
random_myth_CryptoPunksMarket.log
random_myth_GameChannel.log
random_myth_MoonCatRescue.log
random_myth_RpsGame.log
random_myth_SaleClockAuction.log
random_myth_SupeRare.log
trial-1-5.log
tar: trial-1-5.log: file changed as we read it
4 round...
Switched global version to 0.4.25
Switched global version to 0.5.0
Switched global version to 0.4.25
Switched global version to 0.5.0
random_myth_RpsGame.log
Achieved coverage: 47.88765088207985%
****************************************************************
random_myth_CryptoPunksMarket.log
Achieved coverage: 25.771876499760037%
****************************************************************
random_myth_MoonCatRescue.log
Achieved coverage: 17.50924784217016%
****************************************************************
random_myth_SaleClockAuction.log
Achieved coverage: 70.43536955788052%
****************************************************************
random_myth_SupeRare.log
Achieved coverage: 24.608540925266905%
****************************************************************
random_myth_GameChannel.log
Achieved coverage: 53.25443786982249%
****************************************************************
mbt_myth_RpsGame.log
Achieved coverage: 50.16248839368617%
****************************************************************
mbt_myth_CryptoPunksMarket.log
Achieved coverage: 38.13789793633019%
****************************************************************
mbt_myth_MoonCatRescue.log
Achieved coverage: 41.44266337854501%
****************************************************************
mbt_myth_SaleClockAuction.log
Achieved coverage: 51.50185622679716%
****************************************************************
mbt_myth_SupeRare.log
Achieved coverage: 33.73665480427046%
****************************************************************
mbt_myth_GameChannel.log
Achieved coverage: 32.98816568047337%
****************************************************************
mbt_myth_CryptoPunksMarket.log
mbt_myth_GameChannel.log
mbt_myth_MoonCatRescue.log
mbt_myth_RpsGame.log
mbt_myth_SaleClockAuction.log
mbt_myth_SupeRare.log
random_myth_CryptoPunksMarket.log
random_myth_GameChannel.log
random_myth_MoonCatRescue.log
random_myth_RpsGame.log
random_myth_SaleClockAuction.log
random_myth_SupeRare.log
trial-1-5.log
tar: trial-1-5.log: file changed as we read it
5 round...
Switched global version to 0.4.25
Switched global version to 0.5.0
Switched global version to 0.4.25
Switched global version to 0.5.0
random_myth_RpsGame.log
Achieved coverage: 43.895078922934076%
****************************************************************
random_myth_CryptoPunksMarket.log
Achieved coverage: 22.508398656215007%
****************************************************************
random_myth_MoonCatRescue.log
Achieved coverage: 18.508014796547474%
****************************************************************
random_myth_SaleClockAuction.log
Achieved coverage: 69.0853864326696%
****************************************************************
random_myth_SupeRare.log
Achieved coverage: 24.608540925266905%
****************************************************************
random_myth_GameChannel.log
Achieved coverage: 54.50126796280642%
****************************************************************
mbt_myth_RpsGame.log
Achieved coverage: 50.09285051067781%
****************************************************************
mbt_myth_CryptoPunksMarket.log
Achieved coverage: 33.57862741961286%
****************************************************************
mbt_myth_MoonCatRescue.log
Achieved coverage: 29.44512946979038%
****************************************************************
mbt_myth_SaleClockAuction.log
Achieved coverage: 78.40026999662504%
****************************************************************
mbt_myth_SupeRare.log
Achieved coverage: 22.758007117437725%
****************************************************************
mbt_myth_GameChannel.log
Achieved coverage: 32.98816568047337%
****************************************************************
mbt_myth_CryptoPunksMarket.log
mbt_myth_GameChannel.log
mbt_myth_MoonCatRescue.log
mbt_myth_RpsGame.log
mbt_myth_SaleClockAuction.log
mbt_myth_SupeRare.log
random_myth_CryptoPunksMarket.log
random_myth_GameChannel.log
random_myth_MoonCatRescue.log
random_myth_RpsGame.log
random_myth_SaleClockAuction.log
random_myth_SupeRare.log
trial-1-5.log
tar: trial-1-5.log: file changed as we read it
done!
